2022-03-04 13:08:01 0 [Note] InnoDB: Mutexes and rw_locks use Windows interlocked functions
2022-03-04 13:08:01 0 [Note] InnoDB: Uses event mutexes
2022-03-04 13:08:01 0 [Note] InnoDB: Compressed tables use zlib 1.2.11
2022-03-04 13:08:01 0 [Note] InnoDB: Number of pools: 1
2022-03-04 13:08:01 0 [Note] InnoDB: Using SSE2 crc32 instructions
2022-03-04 13:08:01 0 [Note] InnoDB: Initializing buffer pool, total size = 16M, instances = 1, chunk size = 16M
2022-03-04 13:08:01 0 [Note] InnoDB: Completed initialization of buffer pool
2022-03-04 13:08:01 0 [Note] InnoDB: Starting crash recovery from checkpoint LSN=300288
2022-03-04 13:08:02 0 [Note] InnoDB: 128 out of 128 rollback segments are active.
2022-03-04 13:08:02 0 [Note] InnoDB: Removed temporary tablespace data file: "ibtmp1"
2022-03-04 13:08:02 0 [Note] InnoDB: Creating shared tablespace for temporary tables
2022-03-04 13:08:02 0 [Note] InnoDB: Setting file 'C:\xampp\1\mysql\data\ibtmp1' size to 12 MB. Physically writing the file full; Please wait ...
2022-03-04 13:08:02 0 [Note] InnoDB: File 'C:\xampp\1\mysql\data\ibtmp1' size is now 12 MB.
2022-03-04 13:08:02 0 [Note] InnoDB: Waiting for purge to start
2022-03-04 13:08:02 0 [Note] InnoDB: 10.4.22 started; log sequence number 300297; transaction id 170
2022-03-04 13:08:02 0 [Note] InnoDB: Loading buffer pool(s) from C:\xampp\1\mysql\data\ib_buffer_pool
2022-03-04 13:08:02 0 [Note] Plugin 'FEEDBACK' is disabled.
2022-03-04 13:08:02 0 [Note] InnoDB: Buffer pool(s) load completed at 220304 13:08:02
2022-03-04 13:08:02 0 [Note] Server socket created on IP: '::'.
2022-03-07  9:21:03 0 [Note] InnoDB: Mutexes and rw_locks use Windows interlocked functions
2022-03-07  9:21:03 0 [Note] InnoDB: Uses event mutexes
2022-03-07  9:21:03 0 [Note] InnoDB: Compressed tables use zlib 1.2.11
2022-03-07  9:21:03 0 [Note] InnoDB: Number of pools: 1
2022-03-07  9:21:03 0 [Note] InnoDB: Using SSE2 crc32 instructions
2022-03-07  9:21:03 0 [Note] InnoDB: Initializing buffer pool, total size = 16M, instances = 1, chunk size = 16M
2022-03-07  9:21:03 0 [Note] InnoDB: Completed initialization of buffer pool
2022-03-07  9:21:03 0 [Note] InnoDB: Starting crash recovery from checkpoint LSN=300306
2022-03-07  9:21:03 0 [Note] InnoDB: 128 out of 128 rollback segments are active.
2022-03-07  9:21:03 0 [Note] InnoDB: Removed temporary tablespace data file: "ibtmp1"
2022-03-07  9:21:03 0 [Note] InnoDB: Creating shared tablespace for temporary tables
2022-03-07  9:21:03 0 [Note] InnoDB: Setting file 'C:\xampp\1\mysql\data\ibtmp1' size to 12 MB. Physically writing the file full; Please wait ...
2022-03-07  9:21:03 0 [Note] InnoDB: File 'C:\xampp\1\mysql\data\ibtmp1' size is now 12 MB.
2022-03-07  9:21:03 0 [Note] InnoDB: Waiting for purge to start
2022-03-07  9:21:03 0 [Note] InnoDB: 10.4.22 started; log sequence number 300315; transaction id 170
2022-03-07  9:21:03 0 [Note] InnoDB: Loading buffer pool(s) from C:\xampp\1\mysql\data\ib_buffer_pool
2022-03-07  9:21:03 0 [Note] Plugin 'FEEDBACK' is disabled.
2022-03-07  9:21:03 0 [Note] InnoDB: Buffer pool(s) load completed at 220307  9:21:03
2022-03-07  9:21:03 0 [Note] Server socket created on IP: '::'.
2022-03-11 21:24:05 0 [Note] InnoDB: Mutexes and rw_locks use Windows interlocked functions
2022-03-11 21:24:05 0 [Note] InnoDB: Uses event mutexes
2022-03-11 21:24:05 0 [Note] InnoDB: Compressed tables use zlib 1.2.11
2022-03-11 21:24:05 0 [Note] InnoDB: Number of pools: 1
2022-03-11 21:24:05 0 [Note] InnoDB: Using SSE2 crc32 instructions
2022-03-11 21:24:05 0 [Note] InnoDB: Initializing buffer pool, total size = 16M, instances = 1, chunk size = 16M
2022-03-11 21:24:05 0 [Note] InnoDB: Completed initialization of buffer pool
2022-03-11 21:24:05 0 [Note] InnoDB: Starting crash recovery from checkpoint LSN=300324
2022-03-11 21:24:05 0 [Note] InnoDB: 128 out of 128 rollback segments are active.
2022-03-11 21:24:06 0 [Note] InnoDB: Removed temporary tablespace data file: "ibtmp1"
2022-03-11 21:24:06 0 [Note] InnoDB: Creating shared tablespace for temporary tables
2022-03-11 21:24:06 0 [Note] InnoDB: Setting file 'C:\xampp\1\mysql\data\ibtmp1' size to 12 MB. Physically writing the file full; Please wait ...
2022-03-11 21:24:06 0 [Note] InnoDB: File 'C:\xampp\1\mysql\data\ibtmp1' size is now 12 MB.
2022-03-11 21:24:06 0 [Note] InnoDB: Waiting for purge to start
2022-03-11 21:24:06 0 [Note] InnoDB: 10.4.22 started; log sequence number 300333; transaction id 170
2022-03-11 21:24:06 0 [Note] InnoDB: Loading buffer pool(s) from C:\xampp\1\mysql\data\ib_buffer_pool
2022-03-11 21:24:06 0 [Note] Plugin 'FEEDBACK' is disabled.
2022-03-11 21:24:06 0 [Note] InnoDB: Buffer pool(s) load completed at 220311 21:24:06
2022-03-11 21:24:06 0 [Note] Server socket created on IP: '::'.
2022-03-14  9:17:22 0 [Note] InnoDB: Mutexes and rw_locks use Windows interlocked functions
2022-03-14  9:17:22 0 [Note] InnoDB: Uses event mutexes
2022-03-14  9:17:22 0 [Note] InnoDB: Compressed tables use zlib 1.2.11
2022-03-14  9:17:22 0 [Note] InnoDB: Number of pools: 1
2022-03-14  9:17:22 0 [Note] InnoDB: Using SSE2 crc32 instructions
2022-03-14  9:17:22 0 [Note] InnoDB: Initializing buffer pool, total size = 16M, instances = 1, chunk size = 16M
2022-03-14  9:17:22 0 [Note] InnoDB: Completed initialization of buffer pool
2022-03-14  9:17:22 0 [Note] InnoDB: Starting crash recovery from checkpoint LSN=300342
2022-03-14  9:17:22 0 [Note] InnoDB: 128 out of 128 rollback segments are active.
2022-03-14  9:17:22 0 [Note] InnoDB: Removed temporary tablespace data file: "ibtmp1"
2022-03-14  9:17:22 0 [Note] InnoDB: Creating shared tablespace for temporary tables
2022-03-14  9:17:22 0 [Note] InnoDB: Setting file 'C:\xampp\1\mysql\data\ibtmp1' size to 12 MB. Physically writing the file full; Please wait ...
2022-03-14  9:17:22 0 [Note] InnoDB: File 'C:\xampp\1\mysql\data\ibtmp1' size is now 12 MB.
2022-03-14  9:17:22 0 [Note] InnoDB: Waiting for purge to start
2022-03-14  9:17:22 0 [Note] InnoDB: 10.4.22 started; log sequence number 300351; transaction id 170
2022-03-14  9:17:22 0 [Note] InnoDB: Loading buffer pool(s) from C:\xampp\1\mysql\data\ib_buffer_pool
2022-03-14  9:17:22 0 [Note] Plugin 'FEEDBACK' is disabled.
2022-03-14  9:17:22 0 [Note] InnoDB: Buffer pool(s) load completed at 220314  9:17:22
2022-03-14  9:17:22 0 [Note] Server socket created on IP: '::'.
2022-03-21  9:51:57 0 [Note] InnoDB: Mutexes and rw_locks use Windows interlocked functions
2022-03-21  9:51:57 0 [Note] InnoDB: Uses event mutexes
2022-03-21  9:51:57 0 [Note] InnoDB: Compressed tables use zlib 1.2.11
2022-03-21  9:51:57 0 [Note] InnoDB: Number of pools: 1
2022-03-21  9:51:57 0 [Note] InnoDB: Using SSE2 crc32 instructions
2022-03-21  9:51:57 0 [Note] InnoDB: Initializing buffer pool, total size = 16M, instances = 1, chunk size = 16M
2022-03-21  9:51:57 0 [Note] InnoDB: Completed initialization of buffer pool
2022-03-21  9:51:57 0 [Note] InnoDB: Starting crash recovery from checkpoint LSN=300360
2022-03-21  9:51:58 0 [Note] InnoDB: 128 out of 128 rollback segments are active.
2022-03-21  9:51:58 0 [Note] InnoDB: Removed temporary tablespace data file: "ibtmp1"
2022-03-21  9:51:58 0 [Note] InnoDB: Creating shared tablespace for temporary tables
2022-03-21  9:51:58 0 [Note] InnoDB: Setting file 'C:\xampp\1\mysql\data\ibtmp1' size to 12 MB. Physically writing the file full; Please wait ...
2022-03-21  9:51:58 0 [Note] InnoDB: File 'C:\xampp\1\mysql\data\ibtmp1' size is now 12 MB.
2022-03-21  9:51:58 0 [Note] InnoDB: Waiting for purge to start
2022-03-21  9:51:58 0 [Note] InnoDB: 10.4.22 started; log sequence number 300369; transaction id 170
2022-03-21  9:51:58 0 [Note] InnoDB: Loading buffer pool(s) from C:\xampp\1\mysql\data\ib_buffer_pool
2022-03-21  9:51:58 0 [Note] Plugin 'FEEDBACK' is disabled.
2022-03-21  9:51:58 0 [Note] InnoDB: Buffer pool(s) load completed at 220321  9:51:58
2022-03-21  9:51:58 0 [Note] Server socket created on IP: '::'.
2022-03-28  9:17:36 0 [Note] InnoDB: Mutexes and rw_locks use Windows interlocked functions
2022-03-28  9:17:36 0 [Note] InnoDB: Uses event mutexes
2022-03-28  9:17:36 0 [Note] InnoDB: Compressed tables use zlib 1.2.11
2022-03-28  9:17:36 0 [Note] InnoDB: Number of pools: 1
2022-03-28  9:17:36 0 [Note] InnoDB: Using SSE2 crc32 instructions
2022-03-28  9:17:36 0 [Note] InnoDB: Initializing buffer pool, total size = 16M, instances = 1, chunk size = 16M
2022-03-28  9:17:36 0 [Note] InnoDB: Completed initialization of buffer pool
2022-03-28  9:17:36 0 [Note] InnoDB: Starting crash recovery from checkpoint LSN=300378
2022-03-28  9:17:36 0 [Note] InnoDB: 128 out of 128 rollback segments are active.
2022-03-28  9:17:36 0 [Note] InnoDB: Removed temporary tablespace data file: "ibtmp1"
2022-03-28  9:17:36 0 [Note] InnoDB: Creating shared tablespace for temporary tables
2022-03-28  9:17:36 0 [Note] InnoDB: Setting file 'C:\xampp\1\mysql\data\ibtmp1' size to 12 MB. Physically writing the file full; Please wait ...
2022-03-28  9:17:36 0 [Note] InnoDB: File 'C:\xampp\1\mysql\data\ibtmp1' size is now 12 MB.
2022-03-28  9:17:36 0 [Note] InnoDB: Waiting for purge to start
2022-03-28  9:17:36 0 [Note] InnoDB: 10.4.22 started; log sequence number 300387; transaction id 170
2022-03-28  9:17:36 0 [Note] InnoDB: Loading buffer pool(s) from C:\xampp\1\mysql\data\ib_buffer_pool
2022-03-28  9:17:36 0 [Note] Plugin 'FEEDBACK' is disabled.
2022-03-28  9:17:36 0 [Note] InnoDB: Buffer pool(s) load completed at 220328  9:17:36
2022-03-28  9:17:36 0 [Note] Server socket created on IP: '::'.
2022-04-04  9:19:32 0 [Note] InnoDB: Mutexes and rw_locks use Windows interlocked functions
2022-04-04  9:19:32 0 [Note] InnoDB: Uses event mutexes
2022-04-04  9:19:32 0 [Note] InnoDB: Compressed tables use zlib 1.2.11
2022-04-04  9:19:32 0 [Note] InnoDB: Number of pools: 1
2022-04-04  9:19:32 0 [Note] InnoDB: Using SSE2 crc32 instructions
2022-04-04  9:19:32 0 [Note] InnoDB: Initializing buffer pool, total size = 16M, instances = 1, chunk size = 16M
2022-04-04  9:19:32 0 [Note] InnoDB: Completed initialization of buffer pool
2022-04-04  9:19:32 0 [Note] InnoDB: Starting crash recovery from checkpoint LSN=300396
2022-04-04  9:19:32 0 [Note] InnoDB: 128 out of 128 rollback segments are active.
2022-04-04  9:19:32 0 [Note] InnoDB: Removed temporary tablespace data file: "ibtmp1"
2022-04-04  9:19:32 0 [Note] InnoDB: Creating shared tablespace for temporary tables
2022-04-04  9:19:32 0 [Note] InnoDB: Setting file 'C:\xampp\1\mysql\data\ibtmp1' size to 12 MB. Physically writing the file full; Please wait ...
2022-04-04  9:19:32 0 [Note] InnoDB: File 'C:\xampp\1\mysql\data\ibtmp1' size is now 12 MB.
2022-04-04  9:19:32 0 [Note] InnoDB: Waiting for purge to start
2022-04-04  9:19:32 0 [Note] InnoDB: 10.4.22 started; log sequence number 300405; transaction id 170
2022-04-04  9:19:32 0 [Note] InnoDB: Loading buffer pool(s) from C:\xampp\1\mysql\data\ib_buffer_pool
2022-04-04  9:19:32 0 [Note] Plugin 'FEEDBACK' is disabled.
2022-04-04  9:19:32 0 [Note] InnoDB: Buffer pool(s) load completed at 220404  9:19:32
2022-04-04  9:19:32 0 [Note] Server socket created on IP: '::'.
2022-04-11  9:22:02 0 [Note] InnoDB: Mutexes and rw_locks use Windows interlocked functions
2022-04-11  9:22:02 0 [Note] InnoDB: Uses event mutexes
2022-04-11  9:22:02 0 [Note] InnoDB: Compressed tables use zlib 1.2.11
2022-04-11  9:22:02 0 [Note] InnoDB: Number of pools: 1
2022-04-11  9:22:02 0 [Note] InnoDB: Using SSE2 crc32 instructions
2022-04-11  9:22:02 0 [Note] InnoDB: Initializing buffer pool, total size = 16M, instances = 1, chunk size = 16M
2022-04-11  9:22:02 0 [Note] InnoDB: Completed initialization of buffer pool
2022-04-11  9:22:02 0 [Note] InnoDB: Starting crash recovery from checkpoint LSN=489539
2022-04-11  9:22:02 0 [Note] InnoDB: 128 out of 128 rollback segments are active.
2022-04-11  9:22:02 0 [Note] InnoDB: Removed temporary tablespace data file: "ibtmp1"
2022-04-11  9:22:02 0 [Note] InnoDB: Creating shared tablespace for temporary tables
2022-04-11  9:22:02 0 [Note] InnoDB: Setting file 'C:\xampp\1\mysql\data\ibtmp1' size to 12 MB. Physically writing the file full; Please wait ...
2022-04-11  9:22:02 0 [Note] InnoDB: File 'C:\xampp\1\mysql\data\ibtmp1' size is now 12 MB.
2022-04-11  9:22:02 0 [Note] InnoDB: Waiting for purge to start
2022-04-11  9:22:02 0 [Note] InnoDB: 10.4.22 started; log sequence number 489548; transaction id 334
2022-04-11  9:22:02 0 [Note] InnoDB: Loading buffer pool(s) from C:\xampp\1\mysql\data\ib_buffer_pool
2022-04-11  9:22:02 0 [Note] Plugin 'FEEDBACK' is disabled.
2022-04-11  9:22:02 0 [Note] InnoDB: Buffer pool(s) load completed at 220411  9:22:02
2022-04-11  9:22:02 0 [Note] Server socket created on IP: '::'.
2022-04-18  9:47:42 0 [Note] InnoDB: Mutexes and rw_locks use Windows interlocked functions
2022-04-18  9:47:42 0 [Note] InnoDB: Uses event mutexes
2022-04-18  9:47:42 0 [Note] InnoDB: Compressed tables use zlib 1.2.11
2022-04-18  9:47:42 0 [Note] InnoDB: Number of pools: 1
2022-04-18  9:47:42 0 [Note] InnoDB: Using SSE2 crc32 instructions
2022-04-18  9:47:42 0 [Note] InnoDB: Initializing buffer pool, total size = 16M, instances = 1, chunk size = 16M
2022-04-18  9:47:42 0 [Note] InnoDB: Completed initialization of buffer pool
2022-04-18  9:47:42 0 [Note] InnoDB: Starting crash recovery from checkpoint LSN=489858
2022-04-18  9:47:43 0 [Note] InnoDB: 128 out of 128 rollback segments are active.
2022-04-18  9:47:43 0 [Note] InnoDB: Removed temporary tablespace data file: "ibtmp1"
2022-04-18  9:47:43 0 [Note] InnoDB: Creating shared tablespace for temporary tables
2022-04-18  9:47:43 0 [Note] InnoDB: Setting file 'C:\xampp\1\mysql\data\ibtmp1' size to 12 MB. Physically writing the file full; Please wait ...
2022-04-18  9:47:43 0 [Note] InnoDB: File 'C:\xampp\1\mysql\data\ibtmp1' size is now 12 MB.
2022-04-18  9:47:43 0 [Note] InnoDB: Waiting for purge to start
2022-04-18  9:47:43 0 [Note] InnoDB: 10.4.22 started; log sequence number 489867; transaction id 357
2022-04-18  9:47:43 0 [Note] InnoDB: Loading buffer pool(s) from C:\xampp\1\mysql\data\ib_buffer_pool
2022-04-18  9:47:43 0 [Note] Plugin 'FEEDBACK' is disabled.
2022-04-18  9:47:43 0 [Note] InnoDB: Buffer pool(s) load completed at 220418  9:47:43
2022-04-18  9:47:43 0 [Note] Server socket created on IP: '::'.
2022-04-25  9:25:49 0 [Note] InnoDB: Mutexes and rw_locks use Windows interlocked functions
2022-04-25  9:25:49 0 [Note] InnoDB: Uses event mutexes
2022-04-25  9:25:49 0 [Note] InnoDB: Compressed tables use zlib 1.2.11
2022-04-25  9:25:49 0 [Note] InnoDB: Number of pools: 1
2022-04-25  9:25:49 0 [Note] InnoDB: Using SSE2 crc32 instructions
2022-04-25  9:25:49 0 [Note] InnoDB: Initializing buffer pool, total size = 16M, instances = 1, chunk size = 16M
2022-04-25  9:25:49 0 [Note] InnoDB: Completed initialization of buffer pool
2022-04-25  9:25:49 0 [Note] InnoDB: Starting crash recovery from checkpoint LSN=490209
2022-04-25  9:25:50 0 [Note] InnoDB: 128 out of 128 rollback segments are active.
2022-04-25  9:25:50 0 [Note] InnoDB: Removed temporary tablespace data file: "ibtmp1"
2022-04-25  9:25:50 0 [Note] InnoDB: Creating shared tablespace for temporary tables
2022-04-25  9:25:50 0 [Note] InnoDB: Setting file 'C:\xampp\1\mysql\data\ibtmp1' size to 12 MB. Physically writing the file full; Please wait ...
2022-04-25  9:25:50 0 [Note] InnoDB: File 'C:\xampp\1\mysql\data\ibtmp1' size is now 12 MB.
2022-04-25  9:25:50 0 [Note] InnoDB: Waiting for purge to start
2022-04-25  9:25:50 0 [Note] InnoDB: 10.4.22 started; log sequence number 490218; transaction id 380
2022-04-25  9:25:50 0 [Note] InnoDB: Loading buffer pool(s) from C:\xampp\1\mysql\data\ib_buffer_pool
2022-04-25  9:25:50 0 [Note] Plugin 'FEEDBACK' is disabled.
2022-04-25  9:25:50 0 [Note] InnoDB: Buffer pool(s) load completed at 220425  9:25:50
2022-04-25  9:25:50 0 [Note] Server socket created on IP: '::'.
2022-04-25  9:54:45 0 [Note] InnoDB: Mutexes and rw_locks use Windows interlocked functions
2022-04-25  9:54:45 0 [Note] InnoDB: Uses event mutexes
2022-04-25  9:54:45 0 [Note] InnoDB: Compressed tables use zlib 1.2.11
2022-04-25  9:54:45 0 [Note] InnoDB: Number of pools: 1
2022-04-25  9:54:45 0 [Note] InnoDB: Using SSE2 crc32 instructions
2022-04-25  9:54:45 0 [Note] InnoDB: Initializing buffer pool, total size = 16M, instances = 1, chunk size = 16M
2022-04-25  9:54:45 0 [Note] InnoDB: Completed initialization of buffer pool
2022-04-25  9:54:45 0 [Note] InnoDB: Starting crash recovery from checkpoint LSN=726376
2022-04-25  9:54:45 0 [Note] InnoDB: 128 out of 128 rollback segments are active.
2022-04-25  9:54:45 0 [Note] InnoDB: Removed temporary tablespace data file: "ibtmp1"
2022-04-25  9:54:45 0 [Note] InnoDB: Creating shared tablespace for temporary tables
2022-04-25  9:54:45 0 [Note] InnoDB: Setting file 'C:\xampp\1\mysql\data\ibtmp1' size to 12 MB. Physically writing the file full; Please wait ...
2022-04-25  9:54:45 0 [Note] InnoDB: File 'C:\xampp\1\mysql\data\ibtmp1' size is now 12 MB.
2022-04-25  9:54:45 0 [Note] InnoDB: Waiting for purge to start
2022-04-25  9:54:45 0 [Note] InnoDB: 10.4.22 started; log sequence number 726385; transaction id 578
2022-04-25  9:54:45 0 [Note] InnoDB: Loading buffer pool(s) from C:\xampp\1\mysql\data\ib_buffer_pool
2022-04-25  9:54:45 0 [Note] Plugin 'FEEDBACK' is disabled.
2022-04-25  9:54:45 0 [Note] Server socket created on IP: '::'.
2022-04-25 10:38:48 0 [Note] InnoDB: Mutexes and rw_locks use Windows interlocked functions
2022-04-25 10:38:48 0 [Note] InnoDB: Uses event mutexes
2022-04-25 10:38:48 0 [Note] InnoDB: Compressed tables use zlib 1.2.11
2022-04-25 10:38:48 0 [Note] InnoDB: Number of pools: 1
2022-04-25 10:38:48 0 [Note] InnoDB: Using SSE2 crc32 instructions
2022-04-25 10:38:48 0 [Note] InnoDB: Initializing buffer pool, total size = 16M, instances = 1, chunk size = 16M
2022-04-25 10:38:48 0 [Note] InnoDB: Completed initialization of buffer pool
2022-04-25 10:38:48 0 [Note] InnoDB: Starting crash recovery from checkpoint LSN=739854
2022-04-25 10:38:48 0 [Note] InnoDB: 128 out of 128 rollback segments are active.
2022-04-25 10:38:48 0 [Note] InnoDB: Removed temporary tablespace data file: "ibtmp1"
2022-04-25 10:38:48 0 [Note] InnoDB: Creating shared tablespace for temporary tables
2022-04-25 10:38:48 0 [Note] InnoDB: Setting file 'C:\xampp\1\mysql\data\ibtmp1' size to 12 MB. Physically writing the file full; Please wait ...
2022-04-25 10:38:48 0 [Note] InnoDB: File 'C:\xampp\1\mysql\data\ibtmp1' size is now 12 MB.
2022-04-25 10:38:48 0 [Note] InnoDB: Waiting for purge to start
2022-04-25 10:38:48 0 [Note] InnoDB: 10.4.22 started; log sequence number 739863; transaction id 629
2022-04-25 10:38:48 0 [Note] InnoDB: Loading buffer pool(s) from C:\xampp\1\mysql\data\ib_buffer_pool
2022-04-25 10:38:48 0 [Note] Plugin 'FEEDBACK' is disabled.
2022-04-25 10:38:48 0 [Note] Server socket created on IP: '::'.
2022-05-02  9:23:49 0 [Note] InnoDB: Mutexes and rw_locks use Windows interlocked functions
2022-05-02  9:23:49 0 [Note] InnoDB: Uses event mutexes
2022-05-02  9:23:49 0 [Note] InnoDB: Compressed tables use zlib 1.2.11
2022-05-02  9:23:49 0 [Note] InnoDB: Number of pools: 1
2022-05-02  9:23:49 0 [Note] InnoDB: Using SSE2 crc32 instructions
2022-05-02  9:23:49 0 [Note] InnoDB: Initializing buffer pool, total size = 16M, instances = 1, chunk size = 16M
2022-05-02  9:23:49 0 [Note] InnoDB: Completed initialization of buffer pool
2022-05-02  9:23:49 0 [Note] InnoDB: Starting crash recovery from checkpoint LSN=994290
2022-05-02  9:23:49 0 [Note] InnoDB: 128 out of 128 rollback segments are active.
2022-05-02  9:23:49 0 [Note] InnoDB: Removed temporary tablespace data file: "ibtmp1"
2022-05-02  9:23:49 0 [Note] InnoDB: Creating shared tablespace for temporary tables
2022-05-02  9:23:49 0 [Note] InnoDB: Setting file 'C:\xampp\1\mysql\data\ibtmp1' size to 12 MB. Physically writing the file full; Please wait ...
2022-05-02  9:23:49 0 [Note] InnoDB: File 'C:\xampp\1\mysql\data\ibtmp1' size is now 12 MB.
2022-05-02  9:23:49 0 [Note] InnoDB: Waiting for purge to start
2022-05-02  9:23:50 0 [Note] InnoDB: 10.4.22 started; log sequence number 994299; transaction id 974
2022-05-02  9:23:50 0 [Note] InnoDB: Loading buffer pool(s) from C:\xampp\1\mysql\data\ib_buffer_pool
2022-05-02  9:23:50 0 [Note] Plugin 'FEEDBACK' is disabled.
2022-05-02  9:23:50 0 [Note] InnoDB: Buffer pool(s) load completed at 220502  9:23:50
2022-05-02  9:23:50 0 [Note] Server socket created on IP: '::'.
2022-05-02  9:23:54 0 [Note] InnoDB: Mutexes and rw_locks use Windows interlocked functions
2022-05-02  9:23:54 0 [Note] InnoDB: Uses event mutexes
2022-05-02  9:23:54 0 [Note] InnoDB: Compressed tables use zlib 1.2.11
2022-05-02  9:23:54 0 [Note] InnoDB: Number of pools: 1
2022-05-02  9:23:54 0 [Note] InnoDB: Using SSE2 crc32 instructions
2022-05-02  9:23:54 0 [Note] InnoDB: Initializing buffer pool, total size = 16M, instances = 1, chunk size = 16M
2022-05-02  9:23:54 0 [Note] InnoDB: Completed initialization of buffer pool
2022-05-02  9:23:54 0 [Note] InnoDB: Starting crash recovery from checkpoint LSN=994290
2022-05-02  9:23:54 0 [Note] InnoDB: 128 out of 128 rollback segments are active.
2022-05-02  9:23:54 0 [Note] InnoDB: Removed temporary tablespace data file: "ibtmp1"
2022-05-02  9:23:54 0 [Note] InnoDB: Creating shared tablespace for temporary tables
2022-05-02  9:23:54 0 [Note] InnoDB: Setting file 'C:\xampp\1\mysql\data\ibtmp1' size to 12 MB. Physically writing the file full; Please wait ...
2022-05-02  9:23:54 0 [Note] InnoDB: File 'C:\xampp\1\mysql\data\ibtmp1' size is now 12 MB.
2022-05-02  9:23:54 0 [Note] InnoDB: Waiting for purge to start
2022-05-02  9:23:54 0 [Note] InnoDB: 10.4.22 started; log sequence number 994299; transaction id 974
2022-05-02  9:23:54 0 [Note] InnoDB: Loading buffer pool(s) from C:\xampp\1\mysql\data\ib_buffer_pool
2022-05-02  9:23:54 0 [Note] Plugin 'FEEDBACK' is disabled.
2022-05-02  9:23:54 0 [Note] Server socket created on IP: '::'.
2022-05-09  9:40:14 0 [Note] InnoDB: Mutexes and rw_locks use Windows interlocked functions
2022-05-09  9:40:14 0 [Note] InnoDB: Uses event mutexes
2022-05-09  9:40:14 0 [Note] InnoDB: Compressed tables use zlib 1.2.11
2022-05-09  9:40:14 0 [Note] InnoDB: Number of pools: 1
2022-05-09  9:40:14 0 [Note] InnoDB: Using SSE2 crc32 instructions
2022-05-09  9:40:14 0 [Note] InnoDB: Initializing buffer pool, total size = 16M, instances = 1, chunk size = 16M
2022-05-09  9:40:14 0 [Note] InnoDB: Completed initialization of buffer pool
2022-05-09  9:40:14 0 [Note] InnoDB: Starting crash recovery from checkpoint LSN=994324
2022-05-09  9:40:14 0 [Note] InnoDB: 128 out of 128 rollback segments are active.
2022-05-09  9:40:14 0 [Note] InnoDB: Removed temporary tablespace data file: "ibtmp1"
2022-05-09  9:40:14 0 [Note] InnoDB: Creating shared tablespace for temporary tables
2022-05-09  9:40:14 0 [Note] InnoDB: Setting file 'C:\xampp\1\mysql\data\ibtmp1' size to 12 MB. Physically writing the file full; Please wait ...
2022-05-09  9:40:14 0 [Note] InnoDB: File 'C:\xampp\1\mysql\data\ibtmp1' size is now 12 MB.
2022-05-09  9:40:14 0 [Note] InnoDB: Waiting for purge to start
2022-05-09  9:40:14 0 [Note] InnoDB: 10.4.22 started; log sequence number 994333; transaction id 974
2022-05-09  9:40:14 0 [Note] InnoDB: Loading buffer pool(s) from C:\xampp\1\mysql\data\ib_buffer_pool
2022-05-09  9:40:14 0 [Note] Plugin 'FEEDBACK' is disabled.
2022-05-09  9:40:14 0 [Note] InnoDB: Buffer pool(s) load completed at 220509  9:40:14
2022-05-09  9:40:14 0 [Note] Server socket created on IP: '::'.
2022-05-10 11:47:11 0 [Note] InnoDB: Mutexes and rw_locks use Windows interlocked functions
2022-05-10 11:47:11 0 [Note] InnoDB: Uses event mutexes
2022-05-10 11:47:11 0 [Note] InnoDB: Compressed tables use zlib 1.2.11
2022-05-10 11:47:11 0 [Note] InnoDB: Number of pools: 1
2022-05-10 11:47:11 0 [Note] InnoDB: Using SSE2 crc32 instructions
2022-05-10 11:47:11 0 [Note] InnoDB: Initializing buffer pool, total size = 16M, instances = 1, chunk size = 16M
2022-05-10 11:47:11 0 [Note] InnoDB: Completed initialization of buffer pool
2022-05-10 11:47:11 0 [Note] InnoDB: Starting crash recovery from checkpoint LSN=1302862
2022-05-10 11:47:11 0 [Note] InnoDB: 128 out of 128 rollback segments are active.
2022-05-10 11:47:11 0 [Note] InnoDB: Removed temporary tablespace data file: "ibtmp1"
2022-05-10 11:47:11 0 [Note] InnoDB: Creating shared tablespace for temporary tables
2022-05-10 11:47:11 0 [Note] InnoDB: Setting file 'C:\xampp\1\mysql\data\ibtmp1' size to 12 MB. Physically writing the file full; Please wait ...
2022-05-10 11:47:11 0 [Note] InnoDB: File 'C:\xampp\1\mysql\data\ibtmp1' size is now 12 MB.
2022-05-10 11:47:11 0 [Note] InnoDB: Waiting for purge to start
2022-05-10 11:47:11 0 [Note] InnoDB: 10.4.22 started; log sequence number 1302871; transaction id 1269
2022-05-10 11:47:11 0 [Note] InnoDB: Loading buffer pool(s) from C:\xampp\1\mysql\data\ib_buffer_pool
2022-05-10 11:47:11 0 [Note] Plugin 'FEEDBACK' is disabled.
2022-05-10 11:47:11 0 [Note] InnoDB: Buffer pool(s) load completed at 220510 11:47:11
2022-05-10 11:47:11 0 [Note] Server socket created on IP: '::'.
2022-05-10 11:47:14 0 [Note] InnoDB: Mutexes and rw_locks use Windows interlocked functions
2022-05-10 11:47:14 0 [Note] InnoDB: Uses event mutexes
2022-05-10 11:47:14 0 [Note] InnoDB: Compressed tables use zlib 1.2.11
2022-05-10 11:47:14 0 [Note] InnoDB: Number of pools: 1
2022-05-10 11:47:14 0 [Note] InnoDB: Using SSE2 crc32 instructions
2022-05-10 11:47:14 0 [Note] InnoDB: Initializing buffer pool, total size = 16M, instances = 1, chunk size = 16M
2022-05-10 11:47:14 0 [Note] InnoDB: Completed initialization of buffer pool
2022-05-10 11:47:14 0 [Note] InnoDB: Starting crash recovery from checkpoint LSN=1302862
2022-05-10 11:47:14 0 [Note] InnoDB: 128 out of 128 rollback segments are active.
2022-05-10 11:47:14 0 [Note] InnoDB: Removed temporary tablespace data file: "ibtmp1"
2022-05-10 11:47:14 0 [Note] InnoDB: Creating shared tablespace for temporary tables
2022-05-10 11:47:14 0 [Note] InnoDB: Setting file 'C:\xampp\1\mysql\data\ibtmp1' size to 12 MB. Physically writing the file full; Please wait ...
2022-05-10 11:47:14 0 [Note] InnoDB: File 'C:\xampp\1\mysql\data\ibtmp1' size is now 12 MB.
2022-05-10 11:47:14 0 [Note] InnoDB: Waiting for purge to start
2022-05-10 11:47:14 0 [Note] InnoDB: 10.4.22 started; log sequence number 1302871; transaction id 1269
2022-05-10 11:47:14 0 [Note] InnoDB: Loading buffer pool(s) from C:\xampp\1\mysql\data\ib_buffer_pool
2022-05-10 11:47:14 0 [Note] Plugin 'FEEDBACK' is disabled.
2022-05-10 11:47:14 0 [Note] Server socket created on IP: '::'.
2022-07-06 10:23:34 0 [Note] InnoDB: Mutexes and rw_locks use Windows interlocked functions
2022-07-06 10:23:34 0 [Note] InnoDB: Uses event mutexes
2022-07-06 10:23:34 0 [Note] InnoDB: Compressed tables use zlib 1.2.11
2022-07-06 10:23:34 0 [Note] InnoDB: Number of pools: 1
2022-07-06 10:23:34 0 [Note] InnoDB: Using SSE2 crc32 instructions
2022-07-06 10:23:34 0 [Note] InnoDB: Initializing buffer pool, total size = 16M, instances = 1, chunk size = 16M
2022-07-06 10:23:34 0 [Note] InnoDB: Completed initialization of buffer pool
2022-07-06 10:23:34 0 [Note] InnoDB: Starting crash recovery from checkpoint LSN=1537824
2022-07-06 10:23:35 0 [Note] InnoDB: 128 out of 128 rollback segments are active.
2022-07-06 10:23:35 0 [Note] InnoDB: Removed temporary tablespace data file: "ibtmp1"
2022-07-06 10:23:35 0 [Note] InnoDB: Creating shared tablespace for temporary tables
2022-07-06 10:23:35 0 [Note] InnoDB: Setting file 'C:\xampp\1\mysql\data\ibtmp1' size to 12 MB. Physically writing the file full; Please wait ...
2022-07-06 10:23:35 0 [Note] InnoDB: File 'C:\xampp\1\mysql\data\ibtmp1' size is now 12 MB.
2022-07-06 10:23:35 0 [Note] InnoDB: Waiting for purge to start
2022-07-06 10:23:35 0 [Note] InnoDB: 10.4.22 started; log sequence number 1537833; transaction id 1557
2022-07-06 10:23:35 0 [Note] InnoDB: Loading buffer pool(s) from C:\xampp\1\mysql\data\ib_buffer_pool
2022-07-06 10:23:35 0 [Note] Plugin 'FEEDBACK' is disabled.
2022-07-06 10:23:35 0 [Note] InnoDB: Buffer pool(s) load completed at 220706 10:23:35
2022-07-06 10:23:35 0 [Note] Server socket created on IP: '::'.
2022-07-06 10:23:41 0 [Note] InnoDB: Mutexes and rw_locks use Windows interlocked functions
2022-07-06 10:23:41 0 [Note] InnoDB: Uses event mutexes
2022-07-06 10:23:41 0 [Note] InnoDB: Compressed tables use zlib 1.2.11
2022-07-06 10:23:41 0 [Note] InnoDB: Number of pools: 1
2022-07-06 10:23:41 0 [Note] InnoDB: Using SSE2 crc32 instructions
2022-07-06 10:23:41 0 [Note] InnoDB: Initializing buffer pool, total size = 16M, instances = 1, chunk size = 16M
2022-07-06 10:23:41 0 [Note] InnoDB: Completed initialization of buffer pool
2022-07-06 10:23:41 0 [Note] InnoDB: Starting crash recovery from checkpoint LSN=1537824
2022-07-06 10:23:42 0 [Note] InnoDB: 128 out of 128 rollback segments are active.
2022-07-06 10:23:42 0 [Note] InnoDB: Removed temporary tablespace data file: "ibtmp1"
2022-07-06 10:23:42 0 [Note] InnoDB: Creating shared tablespace for temporary tables
2022-07-06 10:23:42 0 [Note] InnoDB: Setting file 'C:\xampp\1\mysql\data\ibtmp1' size to 12 MB. Physically writing the file full; Please wait ...
2022-07-06 10:23:42 0 [Note] InnoDB: File 'C:\xampp\1\mysql\data\ibtmp1' size is now 12 MB.
2022-07-06 10:23:42 0 [Note] InnoDB: Waiting for purge to start
2022-07-06 10:23:42 0 [Note] InnoDB: 10.4.22 started; log sequence number 1537833; transaction id 1557
2022-07-06 10:23:42 0 [Note] InnoDB: Loading buffer pool(s) from C:\xampp\1\mysql\data\ib_buffer_pool
2022-07-06 10:23:42 0 [Note] Plugin 'FEEDBACK' is disabled.
2022-07-06 10:23:42 0 [Note] Server socket created on IP: '::'.
2022-07-08 10:16:03 0 [Note] InnoDB: Mutexes and rw_locks use Windows interlocked functions
2022-07-08 10:16:03 0 [Note] InnoDB: Uses event mutexes
2022-07-08 10:16:03 0 [Note] InnoDB: Compressed tables use zlib 1.2.11
2022-07-08 10:16:03 0 [Note] InnoDB: Number of pools: 1
2022-07-08 10:16:03 0 [Note] InnoDB: Using SSE2 crc32 instructions
2022-07-08 10:16:03 0 [Note] InnoDB: Initializing buffer pool, total size = 16M, instances = 1, chunk size = 16M
2022-07-08 10:16:03 0 [Note] InnoDB: Completed initialization of buffer pool
2022-07-08 10:16:03 0 [Note] InnoDB: Starting crash recovery from checkpoint LSN=1579111
2022-07-08 10:16:03 0 [Note] InnoDB: 128 out of 128 rollback segments are active.
2022-07-08 10:16:03 0 [Note] InnoDB: Removed temporary tablespace data file: "ibtmp1"
2022-07-08 10:16:03 0 [Note] InnoDB: Creating shared tablespace for temporary tables
2022-07-08 10:16:03 0 [Note] InnoDB: Setting file 'C:\xampp\1\mysql\data\ibtmp1' size to 12 MB. Physically writing the file full; Please wait ...
2022-07-08 10:16:03 0 [Note] InnoDB: File 'C:\xampp\1\mysql\data\ibtmp1' size is now 12 MB.
2022-07-08 10:16:03 0 [Note] InnoDB: Waiting for purge to start
2022-07-08 10:16:03 0 [Note] InnoDB: 10.4.22 started; log sequence number 1579120; transaction id 1639
2022-07-08 10:16:03 0 [Note] InnoDB: Loading buffer pool(s) from C:\xampp\1\mysql\data\ib_buffer_pool
2022-07-08 10:16:03 0 [Note] Plugin 'FEEDBACK' is disabled.
2022-07-08 10:16:03 0 [Note] InnoDB: Buffer pool(s) load completed at 220708 10:16:03
2022-07-08 10:16:03 0 [Note] Server socket created on IP: '::'.
2022-07-08 10:16:09 0 [Note] InnoDB: Mutexes and rw_locks use Windows interlocked functions
2022-07-08 10:16:09 0 [Note] InnoDB: Uses event mutexes
2022-07-08 10:16:09 0 [Note] InnoDB: Compressed tables use zlib 1.2.11
2022-07-08 10:16:09 0 [Note] InnoDB: Number of pools: 1
2022-07-08 10:16:09 0 [Note] InnoDB: Using SSE2 crc32 instructions
2022-07-08 10:16:09 0 [Note] InnoDB: Initializing buffer pool, total size = 16M, instances = 1, chunk size = 16M
2022-07-08 10:16:09 0 [Note] InnoDB: Completed initialization of buffer pool
2022-07-08 10:16:09 0 [Note] InnoDB: Starting crash recovery from checkpoint LSN=1579111
2022-07-08 10:16:09 0 [Note] InnoDB: 128 out of 128 rollback segments are active.
2022-07-08 10:16:09 0 [Note] InnoDB: Removed temporary tablespace data file: "ibtmp1"
2022-07-08 10:16:09 0 [Note] InnoDB: Creating shared tablespace for temporary tables
2022-07-08 10:16:09 0 [Note] InnoDB: Setting file 'C:\xampp\1\mysql\data\ibtmp1' size to 12 MB. Physically writing the file full; Please wait ...
2022-07-08 10:16:09 0 [Note] InnoDB: File 'C:\xampp\1\mysql\data\ibtmp1' size is now 12 MB.
2022-07-08 10:16:09 0 [Note] InnoDB: Waiting for purge to start
2022-07-08 10:16:09 0 [Note] InnoDB: 10.4.22 started; log sequence number 1579120; transaction id 1639
2022-07-08 10:16:09 0 [Note] InnoDB: Loading buffer pool(s) from C:\xampp\1\mysql\data\ib_buffer_pool
2022-07-08 10:16:09 0 [Note] Plugin 'FEEDBACK' is disabled.
2022-07-08 10:16:09 0 [Note] Server socket created on IP: '::'.
2022-07-27 10:19:02 0 [Note] InnoDB: Mutexes and rw_locks use Windows interlocked functions
2022-07-27 10:19:02 0 [Note] InnoDB: Uses event mutexes
2022-07-27 10:19:02 0 [Note] InnoDB: Compressed tables use zlib 1.2.11
2022-07-27 10:19:02 0 [Note] InnoDB: Number of pools: 1
2022-07-27 10:19:02 0 [Note] InnoDB: Using SSE2 crc32 instructions
2022-07-27 10:19:02 0 [Note] InnoDB: Initializing buffer pool, total size = 16M, instances = 1, chunk size = 16M
2022-07-27 10:19:02 0 [Note] InnoDB: Completed initialization of buffer pool
2022-07-27 10:19:02 0 [Note] InnoDB: Starting crash recovery from checkpoint LSN=1581750
2022-07-27 10:19:02 0 [Note] InnoDB: 128 out of 128 rollback segments are active.
2022-07-27 10:19:02 0 [Note] InnoDB: Removed temporary tablespace data file: "ibtmp1"
2022-07-27 10:19:02 0 [Note] InnoDB: Creating shared tablespace for temporary tables
2022-07-27 10:19:02 0 [Note] InnoDB: Setting file 'C:\xampp\1\mysql\data\ibtmp1' size to 12 MB. Physically writing the file full; Please wait ...
2022-07-27 10:19:02 0 [Note] InnoDB: File 'C:\xampp\1\mysql\data\ibtmp1' size is now 12 MB.
2022-07-27 10:19:02 0 [Note] InnoDB: Waiting for purge to start
2022-07-27 10:19:03 0 [Note] InnoDB: 10.4.22 started; log sequence number 1581759; transaction id 1670
2022-07-27 10:19:03 0 [Note] InnoDB: Loading buffer pool(s) from C:\xampp\1\mysql\data\ib_buffer_pool
2022-07-27 10:19:03 0 [Note] Plugin 'FEEDBACK' is disabled.
2022-07-27 10:19:03 0 [Note] InnoDB: Buffer pool(s) load completed at 220727 10:19:03
2022-07-27 10:19:03 0 [Note] Server socket created on IP: '::'.
2022-08-03 10:19:51 0 [Note] InnoDB: Mutexes and rw_locks use Windows interlocked functions
2022-08-03 10:19:51 0 [Note] InnoDB: Uses event mutexes
2022-08-03 10:19:51 0 [Note] InnoDB: Compressed tables use zlib 1.2.11
2022-08-03 10:19:51 0 [Note] InnoDB: Number of pools: 1
2022-08-03 10:19:51 0 [Note] InnoDB: Using SSE2 crc32 instructions
2022-08-03 10:19:51 0 [Note] InnoDB: Initializing buffer pool, total size = 16M, instances = 1, chunk size = 16M
2022-08-03 10:19:51 0 [Note] InnoDB: Completed initialization of buffer pool
2022-08-03 10:19:51 0 [Note] InnoDB: Starting crash recovery from checkpoint LSN=1581768
2022-08-03 10:19:52 0 [Note] InnoDB: 128 out of 128 rollback segments are active.
2022-08-03 10:19:52 0 [Note] InnoDB: Removed temporary tablespace data file: "ibtmp1"
2022-08-03 10:19:52 0 [Note] InnoDB: Creating shared tablespace for temporary tables
2022-08-03 10:19:52 0 [Note] InnoDB: Setting file 'C:\xampp\1\mysql\data\ibtmp1' size to 12 MB. Physically writing the file full; Please wait ...
2022-08-03 10:19:52 0 [Note] InnoDB: File 'C:\xampp\1\mysql\data\ibtmp1' size is now 12 MB.
2022-08-03 10:19:52 0 [Note] InnoDB: Waiting for purge to start
2022-08-03 10:19:52 0 [Note] InnoDB: 10.4.22 started; log sequence number 1581777; transaction id 1670
2022-08-03 10:19:52 0 [Note] InnoDB: Loading buffer pool(s) from C:\xampp\1\mysql\data\ib_buffer_pool
2022-08-03 10:19:52 0 [Note] Plugin 'FEEDBACK' is disabled.
2022-08-03 10:19:52 0 [Note] InnoDB: Buffer pool(s) load completed at 220803 10:19:52
2022-08-03 10:19:52 0 [Note] Server socket created on IP: '::'.
2022-08-05 12:00:21 0 [Note] InnoDB: Mutexes and rw_locks use Windows interlocked functions
2022-08-05 12:00:21 0 [Note] InnoDB: Uses event mutexes
2022-08-05 12:00:21 0 [Note] InnoDB: Compressed tables use zlib 1.2.11
2022-08-05 12:00:21 0 [Note] InnoDB: Number of pools: 1
2022-08-05 12:00:21 0 [Note] InnoDB: Using SSE2 crc32 instructions
2022-08-05 12:00:21 0 [Note] InnoDB: Initializing buffer pool, total size = 16M, instances = 1, chunk size = 16M
2022-08-05 12:00:21 0 [Note] InnoDB: Completed initialization of buffer pool
2022-08-05 12:00:21 0 [Note] InnoDB: Starting crash recovery from checkpoint LSN=1656068
2022-08-05 12:00:21 0 [Note] InnoDB: 128 out of 128 rollback segments are active.
2022-08-05 12:00:21 0 [Note] InnoDB: Removed temporary tablespace data file: "ibtmp1"
2022-08-05 12:00:21 0 [Note] InnoDB: Creating shared tablespace for temporary tables
2022-08-05 12:00:21 0 [Note] InnoDB: Setting file 'C:\xampp\1\mysql\data\ibtmp1' size to 12 MB. Physically writing the file full; Please wait ...
2022-08-05 12:00:21 0 [Note] InnoDB: File 'C:\xampp\1\mysql\data\ibtmp1' size is now 12 MB.
2022-08-05 12:00:21 0 [Note] InnoDB: Waiting for purge to start
2022-08-05 12:00:21 0 [Note] InnoDB: 10.4.22 started; log sequence number 1656077; transaction id 1794
2022-08-05 12:00:21 0 [Note] InnoDB: Loading buffer pool(s) from C:\xampp\1\mysql\data\ib_buffer_pool
2022-08-05 12:00:21 0 [Note] Plugin 'FEEDBACK' is disabled.
2022-08-05 12:00:21 0 [Note] InnoDB: Buffer pool(s) load completed at 220805 12:00:21
2022-08-05 12:00:21 0 [Note] Server socket created on IP: '::'.
2022-08-07 19:38:37 0 [Note] InnoDB: Mutexes and rw_locks use Windows interlocked functions
2022-08-07 19:38:37 0 [Note] InnoDB: Uses event mutexes
2022-08-07 19:38:37 0 [Note] InnoDB: Compressed tables use zlib 1.2.11
2022-08-07 19:38:37 0 [Note] InnoDB: Number of pools: 1
2022-08-07 19:38:37 0 [Note] InnoDB: Using SSE2 crc32 instructions
2022-08-07 19:38:37 0 [Note] InnoDB: Initializing buffer pool, total size = 16M, instances = 1, chunk size = 16M
2022-08-07 19:38:37 0 [Note] InnoDB: Completed initialization of buffer pool
2022-08-07 19:38:37 0 [Note] InnoDB: Starting crash recovery from checkpoint LSN=1656086
2022-08-07 19:38:37 0 [Note] InnoDB: 128 out of 128 rollback segments are active.
2022-08-07 19:38:37 0 [Note] InnoDB: Removed temporary tablespace data file: "ibtmp1"
2022-08-07 19:38:37 0 [Note] InnoDB: Creating shared tablespace for temporary tables
2022-08-07 19:38:37 0 [Note] InnoDB: Setting file 'C:\xampp\1\mysql\data\ibtmp1' size to 12 MB. Physically writing the file full; Please wait ...
2022-08-07 19:38:37 0 [Note] InnoDB: File 'C:\xampp\1\mysql\data\ibtmp1' size is now 12 MB.
2022-08-07 19:38:37 0 [Note] InnoDB: Waiting for purge to start
2022-08-07 19:38:37 0 [Note] InnoDB: 10.4.22 started; log sequence number 1656095; transaction id 1794
2022-08-07 19:38:37 0 [Note] InnoDB: Loading buffer pool(s) from C:\xampp\1\mysql\data\ib_buffer_pool
2022-08-07 19:38:37 0 [Note] Plugin 'FEEDBACK' is disabled.
2022-08-07 19:38:37 0 [Note] InnoDB: Buffer pool(s) load completed at 220807 19:38:37
2022-08-07 19:38:37 0 [Note] Server socket created on IP: '::'.
2022-08-10 10:18:18 0 [Note] InnoDB: Mutexes and rw_locks use Windows interlocked functions
2022-08-10 10:18:18 0 [Note] InnoDB: Uses event mutexes
2022-08-10 10:18:18 0 [Note] InnoDB: Compressed tables use zlib 1.2.11
2022-08-10 10:18:18 0 [Note] InnoDB: Number of pools: 1
2022-08-10 10:18:18 0 [Note] InnoDB: Using SSE2 crc32 instructions
2022-08-10 10:18:18 0 [Note] InnoDB: Initializing buffer pool, total size = 16M, instances = 1, chunk size = 16M
2022-08-10 10:18:18 0 [Note] InnoDB: Completed initialization of buffer pool
2022-08-10 10:18:18 0 [Note] InnoDB: Starting crash recovery from checkpoint LSN=1666962
2022-08-10 10:18:18 0 [Note] InnoDB: 128 out of 128 rollback segments are active.
2022-08-10 10:18:18 0 [Note] InnoDB: Removed temporary tablespace data file: "ibtmp1"
2022-08-10 10:18:18 0 [Note] InnoDB: Creating shared tablespace for temporary tables
2022-08-10 10:18:18 0 [Note] InnoDB: Setting file 'C:\xampp\1\mysql\data\ibtmp1' size to 12 MB. Physically writing the file full; Please wait ...
2022-08-10 10:18:18 0 [Note] InnoDB: File 'C:\xampp\1\mysql\data\ibtmp1' size is now 12 MB.
2022-08-10 10:18:18 0 [Note] InnoDB: Waiting for purge to start
2022-08-10 10:18:19 0 [Note] InnoDB: 10.4.22 started; log sequence number 1666971; transaction id 1839
2022-08-10 10:18:19 0 [Note] InnoDB: Loading buffer pool(s) from C:\xampp\1\mysql\data\ib_buffer_pool
2022-08-10 10:18:19 0 [Note] Plugin 'FEEDBACK' is disabled.
2022-08-10 10:18:19 0 [Note] InnoDB: Buffer pool(s) load completed at 220810 10:18:19
2022-08-10 10:18:19 0 [Note] Server socket created on IP: '::'.
2022-08-17 10:18:46 0 [Note] InnoDB: Mutexes and rw_locks use Windows interlocked functions
2022-08-17 10:18:46 0 [Note] InnoDB: Uses event mutexes
2022-08-17 10:18:46 0 [Note] InnoDB: Compressed tables use zlib 1.2.11
2022-08-17 10:18:46 0 [Note] InnoDB: Number of pools: 1
2022-08-17 10:18:46 0 [Note] InnoDB: Using SSE2 crc32 instructions
2022-08-17 10:18:46 0 [Note] InnoDB: Initializing buffer pool, total size = 16M, instances = 1, chunk size = 16M
2022-08-17 10:18:46 0 [Note] InnoDB: Completed initialization of buffer pool
2022-08-17 10:18:46 0 [Note] InnoDB: Starting crash recovery from checkpoint LSN=1666980
2022-08-17 10:18:46 0 [Note] InnoDB: 128 out of 128 rollback segments are active.
2022-08-17 10:18:46 0 [Note] InnoDB: Removed temporary tablespace data file: "ibtmp1"
2022-08-17 10:18:46 0 [Note] InnoDB: Creating shared tablespace for temporary tables
2022-08-17 10:18:46 0 [Note] InnoDB: Setting file 'C:\xampp\1\mysql\data\ibtmp1' size to 12 MB. Physically writing the file full; Please wait ...
2022-08-17 10:18:46 0 [Note] InnoDB: File 'C:\xampp\1\mysql\data\ibtmp1' size is now 12 MB.
2022-08-17 10:18:46 0 [Note] InnoDB: Waiting for purge to start
2022-08-17 10:18:46 0 [Note] InnoDB: 10.4.22 started; log sequence number 1666989; transaction id 1839
2022-08-17 10:18:46 0 [Note] InnoDB: Loading buffer pool(s) from C:\xampp\1\mysql\data\ib_buffer_pool
2022-08-17 10:18:46 0 [Note] Plugin 'FEEDBACK' is disabled.
2022-08-17 10:18:46 0 [Note] InnoDB: Buffer pool(s) load completed at 220817 10:18:46
2022-08-17 10:18:46 0 [Note] Server socket created on IP: '::'.
2022-08-17 11:21:59 0 [Note] InnoDB: Mutexes and rw_locks use Windows interlocked functions
2022-08-17 11:21:59 0 [Note] InnoDB: Uses event mutexes
2022-08-17 11:21:59 0 [Note] InnoDB: Compressed tables use zlib 1.2.11
2022-08-17 11:21:59 0 [Note] InnoDB: Number of pools: 1
2022-08-17 11:21:59 0 [Note] InnoDB: Using SSE2 crc32 instructions
2022-08-17 11:21:59 0 [Note] InnoDB: Initializing buffer pool, total size = 16M, instances = 1, chunk size = 16M
2022-08-17 11:21:59 0 [Note] InnoDB: Completed initialization of buffer pool
2022-08-17 11:21:59 0 [Note] InnoDB: Starting crash recovery from checkpoint LSN=1667544
2022-08-17 11:21:59 0 [Note] InnoDB: 128 out of 128 rollback segments are active.
2022-08-17 11:21:59 0 [Note] InnoDB: Removed temporary tablespace data file: "ibtmp1"
2022-08-17 11:21:59 0 [Note] InnoDB: Creating shared tablespace for temporary tables
2022-08-17 11:21:59 0 [Note] InnoDB: Setting file 'C:\xampp\1\mysql\data\ibtmp1' size to 12 MB. Physically writing the file full; Please wait ...
2022-08-17 11:21:59 0 [Note] InnoDB: File 'C:\xampp\1\mysql\data\ibtmp1' size is now 12 MB.
2022-08-17 11:21:59 0 [Note] InnoDB: Waiting for purge to start
2022-08-17 11:21:59 0 [Note] InnoDB: 10.4.22 started; log sequence number 1667553; transaction id 1862
2022-08-17 11:21:59 0 [Note] InnoDB: Loading buffer pool(s) from C:\xampp\1\mysql\data\ib_buffer_pool
2022-08-17 11:21:59 0 [Note] Plugin 'FEEDBACK' is disabled.
2022-08-17 11:21:59 0 [Note] InnoDB: Buffer pool(s) load completed at 220817 11:21:59
2022-08-17 11:21:59 0 [Note] Server socket created on IP: '::'.
2022-08-17 11:22:05 0 [Note] InnoDB: Mutexes and rw_locks use Windows interlocked functions
2022-08-17 11:22:05 0 [Note] InnoDB: Uses event mutexes
2022-08-17 11:22:05 0 [Note] InnoDB: Compressed tables use zlib 1.2.11
2022-08-17 11:22:05 0 [Note] InnoDB: Number of pools: 1
2022-08-17 11:22:05 0 [Note] InnoDB: Using SSE2 crc32 instructions
2022-08-17 11:22:05 0 [Note] InnoDB: Initializing buffer pool, total size = 16M, instances = 1, chunk size = 16M
2022-08-17 11:22:05 0 [Note] InnoDB: Completed initialization of buffer pool
2022-08-17 11:22:05 0 [Note] InnoDB: Starting crash recovery from checkpoint LSN=1667544
2022-08-17 11:22:05 0 [Note] InnoDB: 128 out of 128 rollback segments are active.
2022-08-17 11:22:05 0 [Note] InnoDB: Removed temporary tablespace data file: "ibtmp1"
2022-08-17 11:22:05 0 [Note] InnoDB: Creating shared tablespace for temporary tables
2022-08-17 11:22:05 0 [Note] InnoDB: Setting file 'C:\xampp\1\mysql\data\ibtmp1' size to 12 MB. Physically writing the file full; Please wait ...
2022-08-17 11:22:05 0 [Note] InnoDB: File 'C:\xampp\1\mysql\data\ibtmp1' size is now 12 MB.
2022-08-17 11:22:05 0 [Note] InnoDB: Waiting for purge to start
2022-08-17 11:22:05 0 [Note] InnoDB: 10.4.22 started; log sequence number 1667553; transaction id 1862
2022-08-17 11:22:05 0 [Note] InnoDB: Loading buffer pool(s) from C:\xampp\1\mysql\data\ib_buffer_pool
2022-08-17 11:22:05 0 [Note] Plugin 'FEEDBACK' is disabled.
2022-08-17 11:22:05 0 [Note] Server socket created on IP: '::'.
2022-08-24 10:17:02 0 [Note] InnoDB: Mutexes and rw_locks use Windows interlocked functions
2022-08-24 10:17:02 0 [Note] InnoDB: Uses event mutexes
2022-08-24 10:17:02 0 [Note] InnoDB: Compressed tables use zlib 1.2.11
2022-08-24 10:17:02 0 [Note] InnoDB: Number of pools: 1
2022-08-24 10:17:02 0 [Note] InnoDB: Using SSE2 crc32 instructions
2022-08-24 10:17:02 0 [Note] InnoDB: Initializing buffer pool, total size = 16M, instances = 1, chunk size = 16M
2022-08-24 10:17:02 0 [Note] InnoDB: Completed initialization of buffer pool
2022-08-24 10:17:02 0 [Note] InnoDB: Starting crash recovery from checkpoint LSN=1667562
2022-08-24 10:17:03 0 [Note] InnoDB: 128 out of 128 rollback segments are active.
2022-08-24 10:17:03 0 [Note] InnoDB: Removed temporary tablespace data file: "ibtmp1"
2022-08-24 10:17:03 0 [Note] InnoDB: Creating shared tablespace for temporary tables
2022-08-24 10:17:03 0 [Note] InnoDB: Setting file 'C:\xampp\1\mysql\data\ibtmp1' size to 12 MB. Physically writing the file full; Please wait ...
2022-08-24 10:17:03 0 [Note] InnoDB: File 'C:\xampp\1\mysql\data\ibtmp1' size is now 12 MB.
2022-08-24 10:17:03 0 [Note] InnoDB: Waiting for purge to start
2022-08-24 10:17:03 0 [Note] InnoDB: 10.4.22 started; log sequence number 1667571; transaction id 1862
2022-08-24 10:17:03 0 [Note] InnoDB: Loading buffer pool(s) from C:\xampp\1\mysql\data\ib_buffer_pool
2022-08-24 10:17:03 0 [Note] Plugin 'FEEDBACK' is disabled.
2022-08-24 10:17:03 0 [Note] InnoDB: Buffer pool(s) load completed at 220824 10:17:03
2022-08-24 10:17:03 0 [Note] Server socket created on IP: '::'.
2022-08-31 10:11:20 0 [Note] InnoDB: Mutexes and rw_locks use Windows interlocked functions
2022-08-31 10:11:20 0 [Note] InnoDB: Uses event mutexes
2022-08-31 10:11:20 0 [Note] InnoDB: Compressed tables use zlib 1.2.11
2022-08-31 10:11:20 0 [Note] InnoDB: Number of pools: 1
2022-08-31 10:11:20 0 [Note] InnoDB: Using SSE2 crc32 instructions
2022-08-31 10:11:20 0 [Note] InnoDB: Initializing buffer pool, total size = 16M, instances = 1, chunk size = 16M
2022-08-31 10:11:20 0 [Note] InnoDB: Completed initialization of buffer pool
2022-08-31 10:11:20 0 [Note] InnoDB: The log sequence number 139827 in the system tablespace does not match the log sequence number 1667596 in the ib_logfiles!
2022-08-31 10:11:21 0 [Note] InnoDB: 128 out of 128 rollback segments are active.
2022-08-31 10:11:21 0 [Note] InnoDB: Removed temporary tablespace data file: "ibtmp1"
2022-08-31 10:11:21 0 [Note] InnoDB: Creating shared tablespace for temporary tables
2022-08-31 10:11:21 0 [Note] InnoDB: Setting file 'C:\xampp\1\mysql\data\ibtmp1' size to 12 MB. Physically writing the file full; Please wait ...
2022-08-31 10:11:21 0 [Note] InnoDB: File 'C:\xampp\1\mysql\data\ibtmp1' size is now 12 MB.
2022-08-31 10:11:21 0 [Note] InnoDB: Waiting for purge to start
2022-08-31 10:11:21 0 [Note] InnoDB: 10.4.22 started; log sequence number 1667596; transaction id 1862
2022-08-31 10:11:21 0 [Note] InnoDB: Loading buffer pool(s) from C:\xampp\1\mysql\data\ib_buffer_pool
2022-08-31 10:11:21 0 [Note] Plugin 'FEEDBACK' is disabled.
2022-08-31 10:11:21 0 [Note] InnoDB: Buffer pool(s) load completed at 220831 10:11:21
2022-08-31 10:11:21 0 [Note] Server socket created on IP: '::'.
2022-08-31 10:11:25 0 [Note] InnoDB: Mutexes and rw_locks use Windows interlocked functions
2022-08-31 10:11:25 0 [Note] InnoDB: Uses event mutexes
2022-08-31 10:11:25 0 [Note] InnoDB: Compressed tables use zlib 1.2.11
2022-08-31 10:11:25 0 [Note] InnoDB: Number of pools: 1
2022-08-31 10:11:25 0 [Note] InnoDB: Using SSE2 crc32 instructions
2022-08-31 10:11:25 0 [Note] InnoDB: Initializing buffer pool, total size = 16M, instances = 1, chunk size = 16M
2022-08-31 10:11:25 0 [Note] InnoDB: Completed initialization of buffer pool
2022-08-31 10:11:25 0 [Note] InnoDB: The log sequence number 139827 in the system tablespace does not match the log sequence number 1667596 in the ib_logfiles!
2022-08-31 10:11:25 0 [Note] InnoDB: 128 out of 128 rollback segments are active.
2022-08-31 10:11:25 0 [Note] InnoDB: Removed temporary tablespace data file: "ibtmp1"
2022-08-31 10:11:25 0 [Note] InnoDB: Creating shared tablespace for temporary tables
2022-08-31 10:11:25 0 [Note] InnoDB: Setting file 'C:\xampp\1\mysql\data\ibtmp1' size to 12 MB. Physically writing the file full; Please wait ...
2022-08-31 10:11:25 0 [Note] InnoDB: File 'C:\xampp\1\mysql\data\ibtmp1' size is now 12 MB.
2022-08-31 10:11:25 0 [Note] InnoDB: Waiting for purge to start
2022-08-31 10:11:25 0 [Note] InnoDB: 10.4.22 started; log sequence number 1667596; transaction id 1862
2022-08-31 10:11:25 0 [Note] InnoDB: Loading buffer pool(s) from C:\xampp\1\mysql\data\ib_buffer_pool
2022-08-31 10:11:25 0 [Note] Plugin 'FEEDBACK' is disabled.
2022-08-31 10:11:25 0 [Note] Server socket created on IP: '::'.
2022-09-07 10:21:15 0 [Note] InnoDB: Mutexes and rw_locks use Windows interlocked functions
2022-09-07 10:21:15 0 [Note] InnoDB: Uses event mutexes
2022-09-07 10:21:15 0 [Note] InnoDB: Compressed tables use zlib 1.2.11
2022-09-07 10:21:15 0 [Note] InnoDB: Number of pools: 1
2022-09-07 10:21:15 0 [Note] InnoDB: Using SSE2 crc32 instructions
2022-09-07 10:21:15 0 [Note] InnoDB: Initializing buffer pool, total size = 16M, instances = 1, chunk size = 16M
2022-09-07 10:21:15 0 [Note] InnoDB: Completed initialization of buffer pool
2022-09-07 10:21:15 0 [Note] InnoDB: The log sequence number 139827 in the system tablespace does not match the log sequence number 1667596 in the ib_logfiles!
2022-09-07 10:21:15 0 [Note] InnoDB: 128 out of 128 rollback segments are active.
2022-09-07 10:21:15 0 [Note] InnoDB: Removed temporary tablespace data file: "ibtmp1"
2022-09-07 10:21:15 0 [Note] InnoDB: Creating shared tablespace for temporary tables
2022-09-07 10:21:15 0 [Note] InnoDB: Setting file 'C:\xampp\1\mysql\data\ibtmp1' size to 12 MB. Physically writing the file full; Please wait ...
2022-09-07 10:21:15 0 [Note] InnoDB: File 'C:\xampp\1\mysql\data\ibtmp1' size is now 12 MB.
2022-09-07 10:21:15 0 [Note] InnoDB: Waiting for purge to start
2022-09-07 10:21:15 0 [Note] InnoDB: 10.4.22 started; log sequence number 1667596; transaction id 1862
2022-09-07 10:21:15 0 [Note] InnoDB: Loading buffer pool(s) from C:\xampp\1\mysql\data\ib_buffer_pool
2022-09-07 10:21:15 0 [Note] Plugin 'FEEDBACK' is disabled.
2022-09-07 10:21:15 0 [Note] InnoDB: Buffer pool(s) load completed at 220907 10:21:15
2022-09-07 10:21:15 0 [Note] Server socket created on IP: '::'.
2022-09-07 10:21:16 7 [Note] Reading Master_info: 'master-2022@002d05@002d10@002011@003a47@003a15@00200@0020@005bnote@005d@0020reading@0020of@0020all@0020master_info@0020entries@0020succeeded@000d.info'  Relay_info:'relay-log-2022@002d05@002d10@002011@003a47@003a15@00200@0020@005bnote@005d@0020reading@0020of@0020all@0020master_info@0020entries@0020succeeded@000d.info'
2022-09-07 10:21:16 7 [Warning] Neither --relay-log nor --relay-log-index were used; so replication may break when this MariaDB server acts as a replica and has its hostname changed. Please use '--log-basename=#' or '--relay-log=mysql-relay-bin' to avoid this problem.
2022-09-07 10:21:16 7 [Note] Initialized Master_info from 'master-2022@002d05@002d10@002011@003a47@003a15@00200@0020@005bnote@005d@0020reading@0020of@0020all@0020master_info@0020entries@0020succeeded@000d.info'
2022-09-07 10:21:16 7 [Note] Added new Master_info '2022-05-10 11:47:15 0 [Note] Reading of all Master_info entries succeeded' to hash table
2022-09-07 10:21:16 7 [Note] Started replication for '2022-05-10 11:47:15 0 [Note] Reading of all Master_info entries succeeded'
2022-09-07 10:21:16 8 [Note] Master '2022-05-10 11:47:15 0 [Note] Reading of all Master_info entries succeeded': Slave I/O thread: Start asynchronous replication to master '@:3306' in log '' at position 4
2022-09-07 10:21:16 9 [Note] Master '2022-05-10 11:47:15 0 [Note] Reading of all Master_info entries succeeded': Slave SQL thread initialized, starting replication in log 'FIRST' at position 0, relay log '.\mysql-relay-bin-2022@002d05@002d10@002011@003a47@003a15@00200@0020@005bnote@005d@0020reading@0020of@0020all@0020master_info@0020entries@0020succeeded@000d.000001' position: 4
2022-09-07 10:21:16 7 [Note] Reading Master_info: 'master-2022@002d05@002d10@002011@003a47@003a15@00200@0020@005bnote@005d@0020added@0020new@0020master_info@0020@0027@0027@0020to@0020hash@0020table@000d.info'  Relay_info:'relay-log-2022@002d05@002d10@002011@003a47@003a15@00200@0020@005bnote@005d@0020added@0020new@0020master_info@0020@0027@0027@0020to@0020hash@0020table@000d.info'
2022-09-07 10:21:16 8 [ERROR] Master '2022-05-10 11:47:15 0 [Note] Reading of all Master_info entries succeeded': Slave I/O: Fatal error: Invalid (empty) username when attempting to connect to the master server. Connection attempt terminated. Internal MariaDB error code: 1593
2022-09-07 10:21:16 8 [Note] Master '2022-05-10 11:47:15 0 [Note] Reading of all Master_info entries succeeded': Slave I/O thread killed while connecting to master
2022-09-07 10:21:16 8 [Note] Master '2022-05-10 11:47:15 0 [Note] Reading of all Master_info entries succeeded': Slave I/O thread exiting, read up to log 'FIRST', position 4
2022-09-07 10:21:16 8 [Note] Master '2022-05-10 11:47:15 0 [Note] Reading of all Master_info entries succeeded': master was :3306
2022-09-07 10:21:16 7 [Note] Initialized Master_info from 'master-2022@002d05@002d10@002011@003a47@003a15@00200@0020@005bnote@005d@0020added@0020new@0020master_info@0020@0027@0027@0020to@0020hash@0020table@000d.info'
2022-09-07 10:21:16 7 [Note] Added new Master_info '2022-05-10 11:47:15 0 [Note] Added new Master_info '' to hash table' to hash table
2022-09-07 10:21:16 10 [Note] Master '2022-05-10 11:47:15 0 [Note] Added new Master_info '' to hash table': Slave I/O thread: Start asynchronous replication to master '@:3306' in log '' at position 4
2022-09-07 10:21:16 7 [Note] Started replication for '2022-05-10 11:47:15 0 [Note] Added new Master_info '' to hash table'
2022-09-07 10:21:16 11 [Note] Master '2022-05-10 11:47:15 0 [Note] Added new Master_info '' to hash table': Slave SQL thread initialized, starting replication in log 'FIRST' at position 0, relay log '.\mysql-relay-bin-2022@002d05@002d10@002011@003a47@003a15@00200@0020@005bnote@005d@0020added@0020new@0020master_info@0020@0027@0027@0020to@0020hash@0020table@000d.000001' position: 4
2022-09-07 10:21:16 10 [ERROR] Master '2022-05-10 11:47:15 0 [Note] Added new Master_info '' to hash table': Slave I/O: Fatal error: Invalid (empty) username when attempting to connect to the master server. Connection attempt terminated. Internal MariaDB error code: 1593
2022-09-07 10:21:16 7 [Note] Reading Master_info: 'master-2022@002d05@002d10@002011@003a47@003a15@00200@0020@005bnote@005d@0020c@003a@005cxampp@005c1@005cmysql@005cbin@005cmysqld@002eexe@003a@0020ready@0020for@0020connections@002e@000d.info'  Relay_info:'relay-log-2022@002d05@002d10@002011@003a47@003a15@00200@0020@005bnote@005d@0020c@003a@005cxampp@005c1@005cmysql@005cbin@005cmysqld@002eexe@003a@0020ready@0020for@0020connections@002e@000d.info'
2022-09-07 10:21:16 10 [Note] Master '2022-05-10 11:47:15 0 [Note] Added new Master_info '' to hash table': Slave I/O thread killed while connecting to master
2022-09-07 10:21:16 10 [Note] Master '2022-05-10 11:47:15 0 [Note] Added new Master_info '' to hash table': Slave I/O thread exiting, read up to log 'FIRST', position 4
2022-09-07 10:21:16 10 [Note] Master '2022-05-10 11:47:15 0 [Note] Added new Master_info '' to hash table': master was :3306
2022-09-07 10:21:16 7 [Note] Initialized Master_info from 'master-2022@002d05@002d10@002011@003a47@003a15@00200@0020@005bnote@005d@0020c@003a@005cxampp@005c1@005cmysql@005cbin@005cmysqld@002eexe@003a@0020ready@0020for@0020connections@002e@000d.info'
2022-09-07 10:21:16 7 [Note] Added new Master_info '2022-05-10 11:47:15 0 [Note] c:\xampp\1\mysql\bin\mysqld.exe: ready for connections.' to hash table
2022-09-07 10:21:16 12 [Note] Master '2022-05-10 11:47:15 0 [Note] c:\xampp\1\mysql\bin\mysqld.exe: ready for connections.': Slave I/O thread: Start asynchronous replication to master '@:3306' in log '' at position 4
2022-09-07 10:21:16 7 [Note] Started replication for '2022-05-10 11:47:15 0 [Note] c:\xampp\1\mysql\bin\mysqld.exe: ready for connections.'
2022-09-07 10:21:16 13 [Note] Master '2022-05-10 11:47:15 0 [Note] c:\xampp\1\mysql\bin\mysqld.exe: ready for connections.': Slave SQL thread initialized, starting replication in log 'FIRST' at position 0, relay log '.\mysql-relay-bin-2022@002d05@002d10@002011@003a47@003a15@00200@0020@005bnote@005d@0020c@003a@005cxampp@005c1@005cmysql@005cbin@005cmysqld@002eexe@003a@0020ready@0020for@0020connections@002e@000d.000001' position: 4
2022-09-07 10:21:16 12 [ERROR] Master '2022-05-10 11:47:15 0 [Note] c:\xampp\1\mysql\bin\mysqld.exe: ready for connections.': Slave I/O: Fatal error: Invalid (empty) username when attempting to connect to the master server. Connection attempt terminated. Internal MariaDB error code: 1593
2022-09-07 10:21:16 12 [Note] Master '2022-05-10 11:47:15 0 [Note] c:\xampp\1\mysql\bin\mysqld.exe: ready for connections.': Slave I/O thread killed while connecting to master
2022-09-07 10:21:16 7 [Note] Reading Master_info: 'master-version@003a@0020@002710@002e4@002e22@002dmariadb@0027@0020@0020socket@003a@0020@0027@0027@0020@0020port@003a@00203306@0020@0020mariadb@002eorg@0020binary@0020distribution@000d.info'  Relay_info:'relay-log-version@003a@0020@002710@002e4@002e22@002dmariadb@0027@0020@0020socket@003a@0020@0027@0027@0020@0020port@003a@00203306@0020@0020mariadb@002eorg@0020binary@0020distribution@000d.info'
2022-09-07 10:21:16 12 [Note] Master '2022-05-10 11:47:15 0 [Note] c:\xampp\1\mysql\bin\mysqld.exe: ready for connections.': Slave I/O thread exiting, read up to log 'FIRST', position 4
2022-09-07 10:21:16 12 [Note] Master '2022-05-10 11:47:15 0 [Note] c:\xampp\1\mysql\bin\mysqld.exe: ready for connections.': master was :3306
2022-09-07 10:21:16 7 [Note] Initialized Master_info from 'master-version@003a@0020@002710@002e4@002e22@002dmariadb@0027@0020@0020socket@003a@0020@0027@0027@0020@0020port@003a@00203306@0020@0020mariadb@002eorg@0020binary@0020distribution@000d.info'
2022-09-07 10:21:16 7 [Note] Added new Master_info 'Version: '10.4.22-MariaDB'  socket: ''  port: 3306  mariadb.org binary distribution' to hash table
2022-09-07 10:21:16 14 [Note] Master 'Version: '10.4.22-MariaDB'  socket: ''  port: 3306  mariadb.org binary distribution': Slave I/O thread: Start asynchronous replication to master '@:3306' in log '' at position 4
2022-09-07 10:21:16 7 [Note] Started replication for 'Version: '10.4.22-MariaDB'  socket: ''  port: 3306  mariadb.org binary distribution'
2022-09-07 10:21:16 15 [Note] Master 'Version: '10.4.22-MariaDB'  socket: ''  port: 3306  mariadb.org binary distribution': Slave SQL thread initialized, starting replication in log 'FIRST' at position 0, relay log '.\mysql-relay-bin-version@003a@0020@002710@002e4@002e22@002dmariadb@0027@0020@0020socket@003a@0020@0027@0027@0020@0020port@003a@00203306@0020@0020mariadb@002eorg@0020binary@0020distribution@000d.000001' position: 4
2022-09-07 10:21:16 14 [ERROR] Master 'Version: '10.4.22-MariaDB'  socket: ''  port: 3306  mariadb.org binary distribution': Slave I/O: Fatal error: Invalid (empty) username when attempting to connect to the master server. Connection attempt terminated. Internal MariaDB error code: 1593
2022-09-07 10:21:16 0 [Note] Reading of all Master_info entries succeeded
2022-09-07 10:21:16 14 [Note] Master 'Version: '10.4.22-MariaDB'  socket: ''  port: 3306  mariadb.org binary distribution': Slave I/O thread killed while connecting to master
2022-09-07 10:21:16 0 [Note] Added new Master_info '' to hash table
2022-09-07 10:21:16 14 [Note] Master 'Version: '10.4.22-MariaDB'  socket: ''  port: 3306  mariadb.org binary distribution': Slave I/O thread exiting, read up to log 'FIRST', position 4
2022-09-07 10:21:16 14 [Note] Master 'Version: '10.4.22-MariaDB'  socket: ''  port: 3306  mariadb.org binary distribution': master was :3306
2022-09-07 10:21:16 0 [Note] c:\xampp\1\mysql\bin\mysqld.exe: ready for connections.
Version: '10.4.22-MariaDB'  socket: ''  port: 3306  mariadb.org binary distribution
2022-09-07 10:57:40 0 [Note] InnoDB: Mutexes and rw_locks use Windows interlocked functions
2022-09-07 10:57:40 0 [Note] InnoDB: Uses event mutexes
2022-09-07 10:57:40 0 [Note] InnoDB: Compressed tables use zlib 1.2.11
2022-09-07 10:57:40 0 [Note] InnoDB: Number of pools: 1
2022-09-07 10:57:40 0 [Note] InnoDB: Using SSE2 crc32 instructions
2022-09-07 10:57:40 0 [Note] InnoDB: Initializing buffer pool, total size = 16M, instances = 1, chunk size = 16M
2022-09-07 10:57:40 0 [Note] InnoDB: Completed initialization of buffer pool
2022-09-07 10:57:40 0 [Note] InnoDB: Starting crash recovery from checkpoint LSN=1671383
2022-09-07 10:57:40 0 [Note] InnoDB: Starting final batch to recover 14 pages from redo log.
2022-09-07 10:57:41 0 [Note] InnoDB: 128 out of 128 rollback segments are active.
2022-09-07 10:57:41 0 [Note] InnoDB: Removed temporary tablespace data file: "ibtmp1"
2022-09-07 10:57:41 0 [Note] InnoDB: Creating shared tablespace for temporary tables
2022-09-07 10:57:41 0 [Note] InnoDB: Setting file 'C:\xampp\1\mysql\data\ibtmp1' size to 12 MB. Physically writing the file full; Please wait ...
2022-09-07 10:57:41 0 [Note] InnoDB: File 'C:\xampp\1\mysql\data\ibtmp1' size is now 12 MB.
2022-09-07 10:57:41 0 [Note] InnoDB: Waiting for purge to start
2022-09-07 10:57:41 0 [Note] InnoDB: 10.4.22 started; log sequence number 1682342; transaction id 1923
2022-09-07 10:57:41 0 [Note] InnoDB: Loading buffer pool(s) from C:\xampp\1\mysql\data\ib_buffer_pool
2022-09-07 10:57:41 0 [Note] Plugin 'FEEDBACK' is disabled.
2022-09-07 10:57:41 0 [Note] InnoDB: Buffer pool(s) load completed at 220907 10:57:41
2022-09-07 10:57:41 0 [Note] Server socket created on IP: '::'.
2022-09-07 11:10:02 0 [Note] InnoDB: Mutexes and rw_locks use Windows interlocked functions
2022-09-07 11:10:02 0 [Note] InnoDB: Uses event mutexes
2022-09-07 11:10:02 0 [Note] InnoDB: Compressed tables use zlib 1.2.11
2022-09-07 11:10:02 0 [Note] InnoDB: Number of pools: 1
2022-09-07 11:10:02 0 [Note] InnoDB: Using SSE2 crc32 instructions
2022-09-07 11:10:02 0 [Note] InnoDB: Initializing buffer pool, total size = 16M, instances = 1, chunk size = 16M
2022-09-07 11:10:02 0 [Note] InnoDB: Completed initialization of buffer pool
2022-09-07 11:10:02 0 [Note] InnoDB: Starting crash recovery from checkpoint LSN=1682786
2022-09-07 11:10:02 0 [Note] InnoDB: 128 out of 128 rollback segments are active.
2022-09-07 11:10:02 0 [Note] InnoDB: Removed temporary tablespace data file: "ibtmp1"
2022-09-07 11:10:02 0 [Note] InnoDB: Creating shared tablespace for temporary tables
2022-09-07 11:10:02 0 [Note] InnoDB: Setting file 'C:\xampp\1\mysql\data\ibtmp1' size to 12 MB. Physically writing the file full; Please wait ...
2022-09-07 11:10:02 0 [Note] InnoDB: File 'C:\xampp\1\mysql\data\ibtmp1' size is now 12 MB.
2022-09-07 11:10:02 0 [Note] InnoDB: Waiting for purge to start
2022-09-07 11:10:02 0 [Note] InnoDB: 10.4.22 started; log sequence number 1682795; transaction id 1923
2022-09-07 11:10:02 0 [Note] InnoDB: Loading buffer pool(s) from C:\xampp\1\mysql\data\ib_buffer_pool
2022-09-07 11:10:02 0 [Note] Plugin 'FEEDBACK' is disabled.
2022-09-07 11:10:02 0 [Note] InnoDB: Buffer pool(s) load completed at 220907 11:10:02
2022-09-07 11:10:02 0 [Note] Server socket created on IP: '::'.
2022-09-07 11:10:05 0 [Note] InnoDB: Mutexes and rw_locks use Windows interlocked functions
2022-09-07 11:10:05 0 [Note] InnoDB: Uses event mutexes
2022-09-07 11:10:05 0 [Note] InnoDB: Compressed tables use zlib 1.2.11
2022-09-07 11:10:05 0 [Note] InnoDB: Number of pools: 1
2022-09-07 11:10:05 0 [Note] InnoDB: Using SSE2 crc32 instructions
2022-09-07 11:10:05 0 [Note] InnoDB: Initializing buffer pool, total size = 16M, instances = 1, chunk size = 16M
2022-09-07 11:10:05 0 [Note] InnoDB: Completed initialization of buffer pool
2022-09-07 11:10:06 0 [Note] InnoDB: Starting crash recovery from checkpoint LSN=1682786
2022-09-07 11:10:06 0 [Note] InnoDB: 128 out of 128 rollback segments are active.
2022-09-07 11:10:06 0 [Note] InnoDB: Removed temporary tablespace data file: "ibtmp1"
2022-09-07 11:10:06 0 [Note] InnoDB: Creating shared tablespace for temporary tables
2022-09-07 11:10:06 0 [Note] InnoDB: Setting file 'C:\xampp\1\mysql\data\ibtmp1' size to 12 MB. Physically writing the file full; Please wait ...
2022-09-07 11:10:06 0 [Note] InnoDB: File 'C:\xampp\1\mysql\data\ibtmp1' size is now 12 MB.
2022-09-07 11:10:06 0 [Note] InnoDB: Waiting for purge to start
2022-09-07 11:10:06 0 [Note] InnoDB: 10.4.22 started; log sequence number 1682795; transaction id 1923
2022-09-07 11:10:06 0 [Note] InnoDB: Loading buffer pool(s) from C:\xampp\1\mysql\data\ib_buffer_pool
2022-09-07 11:10:06 0 [Note] Plugin 'FEEDBACK' is disabled.
2022-09-07 11:10:06 0 [Note] Server socket created on IP: '::'.
2022-09-20 17:49:15 0 [Note] InnoDB: Mutexes and rw_locks use Windows interlocked functions
2022-09-20 17:49:15 0 [Note] InnoDB: Uses event mutexes
2022-09-20 17:49:15 0 [Note] InnoDB: Compressed tables use zlib 1.2.11
2022-09-20 17:49:15 0 [Note] InnoDB: Number of pools: 1
2022-09-20 17:49:15 0 [Note] InnoDB: Using SSE2 crc32 instructions
2022-09-20 17:49:15 0 [Note] InnoDB: Initializing buffer pool, total size = 16M, instances = 1, chunk size = 16M
2022-09-20 17:49:15 0 [Note] InnoDB: Completed initialization of buffer pool
2022-09-20 17:49:15 0 [Note] InnoDB: Starting crash recovery from checkpoint LSN=1695966
2022-09-20 17:49:16 0 [Note] InnoDB: 128 out of 128 rollback segments are active.
2022-09-20 17:49:16 0 [Note] InnoDB: Removed temporary tablespace data file: "ibtmp1"
2022-09-20 17:49:16 0 [Note] InnoDB: Creating shared tablespace for temporary tables
2022-09-20 17:49:16 0 [Note] InnoDB: Setting file 'C:\xampp\1\mysql\data\ibtmp1' size to 12 MB. Physically writing the file full; Please wait ...
2022-09-20 17:49:16 0 [Note] InnoDB: File 'C:\xampp\1\mysql\data\ibtmp1' size is now 12 MB.
2022-09-20 17:49:16 0 [Note] InnoDB: Waiting for purge to start
2022-09-20 17:49:16 0 [Note] InnoDB: 10.4.22 started; log sequence number 1695975; transaction id 1984
2022-09-20 17:49:16 0 [Note] InnoDB: Loading buffer pool(s) from C:\xampp\1\mysql\data\ib_buffer_pool
2022-09-20 17:49:16 0 [Note] Plugin 'FEEDBACK' is disabled.
2022-09-20 17:49:16 0 [Note] InnoDB: Buffer pool(s) load completed at 220920 17:49:16
2022-09-20 17:49:16 0 [Note] Server socket created on IP: '::'.
2022-09-21 17:39:43 0 [Note] InnoDB: Mutexes and rw_locks use Windows interlocked functions
2022-09-21 17:39:43 0 [Note] InnoDB: Uses event mutexes
2022-09-21 17:39:43 0 [Note] InnoDB: Compressed tables use zlib 1.2.11
2022-09-21 17:39:43 0 [Note] InnoDB: Number of pools: 1
2022-09-21 17:39:43 0 [Note] InnoDB: Using SSE2 crc32 instructions
2022-09-21 17:39:43 0 [Note] InnoDB: Initializing buffer pool, total size = 16M, instances = 1, chunk size = 16M
2022-09-21 17:39:43 0 [Note] InnoDB: Completed initialization of buffer pool
2022-09-21 17:39:43 0 [Note] InnoDB: Starting crash recovery from checkpoint LSN=1696326
2022-09-21 17:39:43 0 [Note] InnoDB: 128 out of 128 rollback segments are active.
2022-09-21 17:39:43 0 [Note] InnoDB: Removed temporary tablespace data file: "ibtmp1"
2022-09-21 17:39:43 0 [Note] InnoDB: Creating shared tablespace for temporary tables
2022-09-21 17:39:43 0 [Note] InnoDB: Setting file 'C:\xampp\1\mysql\data\ibtmp1' size to 12 MB. Physically writing the file full; Please wait ...
2022-09-21 17:39:43 0 [Note] InnoDB: File 'C:\xampp\1\mysql\data\ibtmp1' size is now 12 MB.
2022-09-21 17:39:43 0 [Note] InnoDB: Waiting for purge to start
2022-09-21 17:39:43 0 [Note] InnoDB: 10.4.22 started; log sequence number 1696335; transaction id 1989
2022-09-21 17:39:43 0 [Note] InnoDB: Loading buffer pool(s) from C:\xampp\1\mysql\data\ib_buffer_pool
2022-09-21 17:39:43 0 [Note] Plugin 'FEEDBACK' is disabled.
2022-09-21 17:39:43 0 [Note] InnoDB: Buffer pool(s) load completed at 220921 17:39:43
2022-09-21 17:39:43 0 [Note] Server socket created on IP: '::'.
