[Fri Mar 04 13:08:00.869658 2022] [ssl:warn] [pid 7348:tid 516] AH01909: www.example.com:443:0 server certificate does NOT include an ID which matches the server name
[Fri Mar 04 13:08:00.916527 2022] [ssl:warn] [pid 7348:tid 516] AH01909: www.example.com:443:0 server certificate does NOT include an ID which matches the server name
[Fri Mar 04 13:08:01.197819 2022] [mpm_winnt:notice] [pid 7348:tid 516] AH00455: Apache/2.4.52 (Win64) OpenSSL/1.1.1m PHP/8.1.2 configured -- resuming normal operations
[Fri Mar 04 13:08:01.197819 2022] [mpm_winnt:notice] [pid 7348:tid 516] AH00456: Apache Lounge VS16 Server built: Dec 17 2021 10:17:38
[Fri Mar 04 13:08:01.197819 2022] [core:notice] [pid 7348:tid 516] AH00094: Command line: 'c:\\xampp\\1\\apache\\bin\\httpd.exe -d C:/xampp/1/apache'
[Fri Mar 04 13:08:01.197819 2022] [mpm_winnt:notice] [pid 7348:tid 516] AH00418: Parent: Created child process 12568
[Fri Mar 04 13:08:01.422934 2022] [ssl:warn] [pid 12568:tid 580] AH01909: www.example.com:443:0 server certificate does NOT include an ID which matches the server name
[Fri Mar 04 13:08:01.454088 2022] [ssl:warn] [pid 12568:tid 580] AH01909: www.example.com:443:0 server certificate does NOT include an ID which matches the server name
[Fri Mar 04 13:08:01.485377 2022] [mpm_winnt:notice] [pid 12568:tid 580] AH00354: Child: Starting 150 worker threads.
[Mon Mar 07 09:21:03.376575 2022] [ssl:warn] [pid 6576:tid 576] AH01909: www.example.com:443:0 server certificate does NOT include an ID which matches the server name
[Mon Mar 07 09:21:03.406275 2022] [core:warn] [pid 6576:tid 576] AH00098: pid file C:/xampp/1/apache/logs/httpd.pid overwritten -- Unclean shutdown of previous Apache run?
[Mon Mar 07 09:21:03.406275 2022] [ssl:warn] [pid 6576:tid 576] AH01909: www.example.com:443:0 server certificate does NOT include an ID which matches the server name
[Mon Mar 07 09:21:03.683882 2022] [mpm_winnt:notice] [pid 6576:tid 576] AH00455: Apache/2.4.52 (Win64) OpenSSL/1.1.1m PHP/8.1.2 configured -- resuming normal operations
[Mon Mar 07 09:21:03.683882 2022] [mpm_winnt:notice] [pid 6576:tid 576] AH00456: Apache Lounge VS16 Server built: Dec 17 2021 10:17:38
[Mon Mar 07 09:21:03.683882 2022] [core:notice] [pid 6576:tid 576] AH00094: Command line: 'c:\\xampp\\1\\apache\\bin\\httpd.exe -d C:/xampp/1/apache'
[Mon Mar 07 09:21:03.687620 2022] [mpm_winnt:notice] [pid 6576:tid 576] AH00418: Parent: Created child process 8320
[Mon Mar 07 09:21:03.914019 2022] [ssl:warn] [pid 8320:tid 532] AH01909: www.example.com:443:0 server certificate does NOT include an ID which matches the server name
[Mon Mar 07 09:21:03.965866 2022] [ssl:warn] [pid 8320:tid 532] AH01909: www.example.com:443:0 server certificate does NOT include an ID which matches the server name
[Mon Mar 07 09:21:04.011513 2022] [mpm_winnt:notice] [pid 8320:tid 532] AH00354: Child: Starting 150 worker threads.
[Fri Mar 11 21:24:05.562524 2022] [ssl:warn] [pid 5800:tid 632] AH01909: www.example.com:443:0 server certificate does NOT include an ID which matches the server name
[Fri Mar 11 21:24:05.605972 2022] [core:warn] [pid 5800:tid 632] AH00098: pid file C:/xampp/1/apache/logs/httpd.pid overwritten -- Unclean shutdown of previous Apache run?
[Fri Mar 11 21:24:05.609570 2022] [ssl:warn] [pid 5800:tid 632] AH01909: www.example.com:443:0 server certificate does NOT include an ID which matches the server name
[Fri Mar 11 21:24:06.011213 2022] [mpm_winnt:notice] [pid 5800:tid 632] AH00455: Apache/2.4.52 (Win64) OpenSSL/1.1.1m PHP/8.1.2 configured -- resuming normal operations
[Fri Mar 11 21:24:06.011213 2022] [mpm_winnt:notice] [pid 5800:tid 632] AH00456: Apache Lounge VS16 Server built: Dec 17 2021 10:17:38
[Fri Mar 11 21:24:06.011213 2022] [core:notice] [pid 5800:tid 632] AH00094: Command line: 'c:\\xampp\\1\\apache\\bin\\httpd.exe -d C:/xampp/1/apache'
[Fri Mar 11 21:24:06.011213 2022] [mpm_winnt:notice] [pid 5800:tid 632] AH00418: Parent: Created child process 7540
[Fri Mar 11 21:24:06.223144 2022] [ssl:warn] [pid 7540:tid 152] AH01909: www.example.com:443:0 server certificate does NOT include an ID which matches the server name
[Fri Mar 11 21:24:06.249969 2022] [ssl:warn] [pid 7540:tid 152] AH01909: www.example.com:443:0 server certificate does NOT include an ID which matches the server name
[Fri Mar 11 21:24:06.277255 2022] [mpm_winnt:notice] [pid 7540:tid 152] AH00354: Child: Starting 150 worker threads.
[Mon Mar 14 09:17:22.264634 2022] [ssl:warn] [pid 5980:tid 612] AH01909: www.example.com:443:0 server certificate does NOT include an ID which matches the server name
[Mon Mar 14 09:17:22.289177 2022] [core:warn] [pid 5980:tid 612] AH00098: pid file C:/xampp/1/apache/logs/httpd.pid overwritten -- Unclean shutdown of previous Apache run?
[Mon Mar 14 09:17:22.298093 2022] [ssl:warn] [pid 5980:tid 612] AH01909: www.example.com:443:0 server certificate does NOT include an ID which matches the server name
[Mon Mar 14 09:17:22.548063 2022] [mpm_winnt:notice] [pid 5980:tid 612] AH00455: Apache/2.4.52 (Win64) OpenSSL/1.1.1m PHP/8.1.2 configured -- resuming normal operations
[Mon Mar 14 09:17:22.548063 2022] [mpm_winnt:notice] [pid 5980:tid 612] AH00456: Apache Lounge VS16 Server built: Dec 17 2021 10:17:38
[Mon Mar 14 09:17:22.548063 2022] [core:notice] [pid 5980:tid 612] AH00094: Command line: 'c:\\xampp\\1\\apache\\bin\\httpd.exe -d C:/xampp/1/apache'
[Mon Mar 14 09:17:22.563916 2022] [mpm_winnt:notice] [pid 5980:tid 612] AH00418: Parent: Created child process 3908
[Mon Mar 14 09:17:22.787439 2022] [ssl:warn] [pid 3908:tid 600] AH01909: www.example.com:443:0 server certificate does NOT include an ID which matches the server name
[Mon Mar 14 09:17:22.817456 2022] [ssl:warn] [pid 3908:tid 600] AH01909: www.example.com:443:0 server certificate does NOT include an ID which matches the server name
[Mon Mar 14 09:17:22.854995 2022] [mpm_winnt:notice] [pid 3908:tid 600] AH00354: Child: Starting 150 worker threads.
[Mon Mar 21 09:51:57.827278 2022] [ssl:warn] [pid 11744:tid 584] AH01909: www.example.com:443:0 server certificate does NOT include an ID which matches the server name
[Mon Mar 21 09:51:57.869510 2022] [core:warn] [pid 11744:tid 584] AH00098: pid file C:/xampp/1/apache/logs/httpd.pid overwritten -- Unclean shutdown of previous Apache run?
[Mon Mar 21 09:51:57.869510 2022] [ssl:warn] [pid 11744:tid 584] AH01909: www.example.com:443:0 server certificate does NOT include an ID which matches the server name
[Mon Mar 21 09:51:58.153951 2022] [mpm_winnt:notice] [pid 11744:tid 584] AH00455: Apache/2.4.52 (Win64) OpenSSL/1.1.1m PHP/8.1.2 configured -- resuming normal operations
[Mon Mar 21 09:51:58.153951 2022] [mpm_winnt:notice] [pid 11744:tid 584] AH00456: Apache Lounge VS16 Server built: Dec 17 2021 10:17:38
[Mon Mar 21 09:51:58.153951 2022] [core:notice] [pid 11744:tid 584] AH00094: Command line: 'c:\\xampp\\1\\apache\\bin\\httpd.exe -d C:/xampp/1/apache'
[Mon Mar 21 09:51:58.153951 2022] [mpm_winnt:notice] [pid 11744:tid 584] AH00418: Parent: Created child process 10568
[Mon Mar 21 09:51:58.385410 2022] [ssl:warn] [pid 10568:tid 600] AH01909: www.example.com:443:0 server certificate does NOT include an ID which matches the server name
[Mon Mar 21 09:51:58.427134 2022] [ssl:warn] [pid 10568:tid 600] AH01909: www.example.com:443:0 server certificate does NOT include an ID which matches the server name
[Mon Mar 21 09:51:58.458748 2022] [mpm_winnt:notice] [pid 10568:tid 600] AH00354: Child: Starting 150 worker threads.
[Mon Mar 28 09:17:36.462532 2022] [ssl:warn] [pid 5324:tid 592] AH01909: www.example.com:443:0 server certificate does NOT include an ID which matches the server name
[Mon Mar 28 09:17:36.494227 2022] [core:warn] [pid 5324:tid 592] AH00098: pid file C:/xampp/1/apache/logs/httpd.pid overwritten -- Unclean shutdown of previous Apache run?
[Mon Mar 28 09:17:36.505480 2022] [ssl:warn] [pid 5324:tid 592] AH01909: www.example.com:443:0 server certificate does NOT include an ID which matches the server name
[Mon Mar 28 09:17:36.803344 2022] [mpm_winnt:notice] [pid 5324:tid 592] AH00455: Apache/2.4.52 (Win64) OpenSSL/1.1.1m PHP/8.1.2 configured -- resuming normal operations
[Mon Mar 28 09:17:36.803344 2022] [mpm_winnt:notice] [pid 5324:tid 592] AH00456: Apache Lounge VS16 Server built: Dec 17 2021 10:17:38
[Mon Mar 28 09:17:36.803344 2022] [core:notice] [pid 5324:tid 592] AH00094: Command line: 'c:\\xampp\\1\\apache\\bin\\httpd.exe -d C:/xampp/1/apache'
[Mon Mar 28 09:17:36.819352 2022] [mpm_winnt:notice] [pid 5324:tid 592] AH00418: Parent: Created child process 5052
[Mon Mar 28 09:17:37.069001 2022] [ssl:warn] [pid 5052:tid 604] AH01909: www.example.com:443:0 server certificate does NOT include an ID which matches the server name
[Mon Mar 28 09:17:37.129228 2022] [ssl:warn] [pid 5052:tid 604] AH01909: www.example.com:443:0 server certificate does NOT include an ID which matches the server name
[Mon Mar 28 09:17:37.152868 2022] [mpm_winnt:notice] [pid 5052:tid 604] AH00354: Child: Starting 150 worker threads.
[Mon Apr 04 09:19:32.449349 2022] [ssl:warn] [pid 4544:tid 548] AH01909: www.example.com:443:0 server certificate does NOT include an ID which matches the server name
[Mon Apr 04 09:19:32.483841 2022] [core:warn] [pid 4544:tid 548] AH00098: pid file C:/xampp/1/apache/logs/httpd.pid overwritten -- Unclean shutdown of previous Apache run?
[Mon Apr 04 09:19:32.493263 2022] [ssl:warn] [pid 4544:tid 548] AH01909: www.example.com:443:0 server certificate does NOT include an ID which matches the server name
[Mon Apr 04 09:19:32.832055 2022] [mpm_winnt:notice] [pid 4544:tid 548] AH00455: Apache/2.4.52 (Win64) OpenSSL/1.1.1m PHP/8.1.2 configured -- resuming normal operations
[Mon Apr 04 09:19:32.832055 2022] [mpm_winnt:notice] [pid 4544:tid 548] AH00456: Apache Lounge VS16 Server built: Dec 17 2021 10:17:38
[Mon Apr 04 09:19:32.832055 2022] [core:notice] [pid 4544:tid 548] AH00094: Command line: 'c:\\xampp\\1\\apache\\bin\\httpd.exe -d C:/xampp/1/apache'
[Mon Apr 04 09:19:32.835226 2022] [mpm_winnt:notice] [pid 4544:tid 548] AH00418: Parent: Created child process 19052
[Mon Apr 04 09:19:33.074728 2022] [ssl:warn] [pid 19052:tid 604] AH01909: www.example.com:443:0 server certificate does NOT include an ID which matches the server name
[Mon Apr 04 09:19:33.118996 2022] [ssl:warn] [pid 19052:tid 604] AH01909: www.example.com:443:0 server certificate does NOT include an ID which matches the server name
[Mon Apr 04 09:19:33.148563 2022] [mpm_winnt:notice] [pid 19052:tid 604] AH00354: Child: Starting 150 worker threads.
[Mon Apr 11 09:22:02.404332 2022] [ssl:warn] [pid 23348:tid 616] AH01909: www.example.com:443:0 server certificate does NOT include an ID which matches the server name
[Mon Apr 11 09:22:02.444302 2022] [core:warn] [pid 23348:tid 616] AH00098: pid file C:/xampp/1/apache/logs/httpd.pid overwritten -- Unclean shutdown of previous Apache run?
[Mon Apr 11 09:22:02.455505 2022] [ssl:warn] [pid 23348:tid 616] AH01909: www.example.com:443:0 server certificate does NOT include an ID which matches the server name
[Mon Apr 11 09:22:02.797949 2022] [mpm_winnt:notice] [pid 23348:tid 616] AH00455: Apache/2.4.52 (Win64) OpenSSL/1.1.1m PHP/8.1.2 configured -- resuming normal operations
[Mon Apr 11 09:22:02.797949 2022] [mpm_winnt:notice] [pid 23348:tid 616] AH00456: Apache Lounge VS16 Server built: Dec 17 2021 10:17:38
[Mon Apr 11 09:22:02.797949 2022] [core:notice] [pid 23348:tid 616] AH00094: Command line: 'c:\\xampp\\1\\apache\\bin\\httpd.exe -d C:/xampp/1/apache'
[Mon Apr 11 09:22:02.806242 2022] [mpm_winnt:notice] [pid 23348:tid 616] AH00418: Parent: Created child process 12748
[Mon Apr 11 09:22:03.079345 2022] [ssl:warn] [pid 12748:tid 592] AH01909: www.example.com:443:0 server certificate does NOT include an ID which matches the server name
[Mon Apr 11 09:22:03.106924 2022] [ssl:warn] [pid 12748:tid 592] AH01909: www.example.com:443:0 server certificate does NOT include an ID which matches the server name
[Mon Apr 11 09:22:03.146748 2022] [mpm_winnt:notice] [pid 12748:tid 592] AH00354: Child: Starting 150 worker threads.
[Mon Apr 18 09:47:42.985189 2022] [ssl:warn] [pid 3048:tid 528] AH01909: www.example.com:443:0 server certificate does NOT include an ID which matches the server name
[Mon Apr 18 09:47:43.028634 2022] [core:warn] [pid 3048:tid 528] AH00098: pid file C:/xampp/1/apache/logs/httpd.pid overwritten -- Unclean shutdown of previous Apache run?
[Mon Apr 18 09:47:43.028634 2022] [ssl:warn] [pid 3048:tid 528] AH01909: www.example.com:443:0 server certificate does NOT include an ID which matches the server name
[Mon Apr 18 09:47:43.309504 2022] [mpm_winnt:notice] [pid 3048:tid 528] AH00455: Apache/2.4.52 (Win64) OpenSSL/1.1.1m PHP/8.1.2 configured -- resuming normal operations
[Mon Apr 18 09:47:43.309504 2022] [mpm_winnt:notice] [pid 3048:tid 528] AH00456: Apache Lounge VS16 Server built: Dec 17 2021 10:17:38
[Mon Apr 18 09:47:43.309504 2022] [core:notice] [pid 3048:tid 528] AH00094: Command line: 'c:\\xampp\\1\\apache\\bin\\httpd.exe -d C:/xampp/1/apache'
[Mon Apr 18 09:47:43.309504 2022] [mpm_winnt:notice] [pid 3048:tid 528] AH00418: Parent: Created child process 10984
[Mon Apr 18 09:47:43.586848 2022] [ssl:warn] [pid 10984:tid 624] AH01909: www.example.com:443:0 server certificate does NOT include an ID which matches the server name
[Mon Apr 18 09:47:43.620790 2022] [ssl:warn] [pid 10984:tid 624] AH01909: www.example.com:443:0 server certificate does NOT include an ID which matches the server name
[Mon Apr 18 09:47:43.666247 2022] [mpm_winnt:notice] [pid 10984:tid 624] AH00354: Child: Starting 150 worker threads.
[Mon Apr 25 09:25:49.833755 2022] [ssl:warn] [pid 2160:tid 680] AH01909: www.example.com:443:0 server certificate does NOT include an ID which matches the server name
[Mon Apr 25 09:25:49.872363 2022] [core:warn] [pid 2160:tid 680] AH00098: pid file C:/xampp/1/apache/logs/httpd.pid overwritten -- Unclean shutdown of previous Apache run?
[Mon Apr 25 09:25:49.882576 2022] [ssl:warn] [pid 2160:tid 680] AH01909: www.example.com:443:0 server certificate does NOT include an ID which matches the server name
[Mon Apr 25 09:25:50.181120 2022] [mpm_winnt:notice] [pid 2160:tid 680] AH00455: Apache/2.4.52 (Win64) OpenSSL/1.1.1m PHP/8.1.2 configured -- resuming normal operations
[Mon Apr 25 09:25:50.181120 2022] [mpm_winnt:notice] [pid 2160:tid 680] AH00456: Apache Lounge VS16 Server built: Dec 17 2021 10:17:38
[Mon Apr 25 09:25:50.181120 2022] [core:notice] [pid 2160:tid 680] AH00094: Command line: 'c:\\xampp\\1\\apache\\bin\\httpd.exe -d C:/xampp/1/apache'
[Mon Apr 25 09:25:50.186107 2022] [mpm_winnt:notice] [pid 2160:tid 680] AH00418: Parent: Created child process 6500
[Mon Apr 25 09:25:50.434245 2022] [ssl:warn] [pid 6500:tid 592] AH01909: www.example.com:443:0 server certificate does NOT include an ID which matches the server name
[Mon Apr 25 09:25:50.469090 2022] [ssl:warn] [pid 6500:tid 592] AH01909: www.example.com:443:0 server certificate does NOT include an ID which matches the server name
[Mon Apr 25 09:25:50.500715 2022] [mpm_winnt:notice] [pid 6500:tid 592] AH00354: Child: Starting 150 worker threads.
[Mon Apr 25 09:54:44.767431 2022] [ssl:warn] [pid 2488:tid 540] AH01909: www.example.com:443:0 server certificate does NOT include an ID which matches the server name
[Mon Apr 25 09:54:44.839426 2022] [core:warn] [pid 2488:tid 540] AH00098: pid file C:/xampp/1/apache/logs/httpd.pid overwritten -- Unclean shutdown of previous Apache run?
[Mon Apr 25 09:54:44.847664 2022] [ssl:warn] [pid 2488:tid 540] AH01909: www.example.com:443:0 server certificate does NOT include an ID which matches the server name
[Mon Apr 25 09:54:44.880550 2022] [mpm_winnt:notice] [pid 2488:tid 540] AH00455: Apache/2.4.52 (Win64) OpenSSL/1.1.1m PHP/8.1.2 configured -- resuming normal operations
[Mon Apr 25 09:54:44.880550 2022] [mpm_winnt:notice] [pid 2488:tid 540] AH00456: Apache Lounge VS16 Server built: Dec 17 2021 10:17:38
[Mon Apr 25 09:54:44.880550 2022] [core:notice] [pid 2488:tid 540] AH00094: Command line: 'c:\\xampp\\1\\apache\\bin\\httpd.exe -d C:/xampp/1/apache'
[Mon Apr 25 09:54:44.897973 2022] [mpm_winnt:notice] [pid 2488:tid 540] AH00418: Parent: Created child process 5544
[Mon Apr 25 09:54:45.200449 2022] [ssl:warn] [pid 5544:tid 468] AH01909: www.example.com:443:0 server certificate does NOT include an ID which matches the server name
[Mon Apr 25 09:54:45.271607 2022] [ssl:warn] [pid 5544:tid 468] AH01909: www.example.com:443:0 server certificate does NOT include an ID which matches the server name
[Mon Apr 25 09:54:45.304246 2022] [mpm_winnt:notice] [pid 5544:tid 468] AH00354: Child: Starting 150 worker threads.
[Mon Apr 25 10:38:47.253265 2022] [ssl:warn] [pid 1800:tid 632] AH01909: www.example.com:443:0 server certificate does NOT include an ID which matches the server name
[Mon Apr 25 10:38:47.322481 2022] [core:warn] [pid 1800:tid 632] AH00098: pid file C:/xampp/1/apache/logs/httpd.pid overwritten -- Unclean shutdown of previous Apache run?
[Mon Apr 25 10:38:47.331993 2022] [ssl:warn] [pid 1800:tid 632] AH01909: www.example.com:443:0 server certificate does NOT include an ID which matches the server name
[Mon Apr 25 10:38:47.380430 2022] [mpm_winnt:notice] [pid 1800:tid 632] AH00455: Apache/2.4.52 (Win64) OpenSSL/1.1.1m PHP/8.1.2 configured -- resuming normal operations
[Mon Apr 25 10:38:47.380430 2022] [mpm_winnt:notice] [pid 1800:tid 632] AH00456: Apache Lounge VS16 Server built: Dec 17 2021 10:17:38
[Mon Apr 25 10:38:47.380430 2022] [core:notice] [pid 1800:tid 632] AH00094: Command line: 'c:\\xampp\\1\\apache\\bin\\httpd.exe -d C:/xampp/1/apache'
[Mon Apr 25 10:38:47.386189 2022] [mpm_winnt:notice] [pid 1800:tid 632] AH00418: Parent: Created child process 3540
[Mon Apr 25 10:38:47.673675 2022] [ssl:warn] [pid 3540:tid 172] AH01909: www.example.com:443:0 server certificate does NOT include an ID which matches the server name
[Mon Apr 25 10:38:47.731870 2022] [ssl:warn] [pid 3540:tid 172] AH01909: www.example.com:443:0 server certificate does NOT include an ID which matches the server name
[Mon Apr 25 10:38:47.768066 2022] [mpm_winnt:notice] [pid 3540:tid 172] AH00354: Child: Starting 150 worker threads.
[Mon May 02 09:23:49.530764 2022] [ssl:warn] [pid 7928:tid 600] AH01909: www.example.com:443:0 server certificate does NOT include an ID which matches the server name
[Mon May 02 09:23:49.564161 2022] [core:warn] [pid 7928:tid 600] AH00098: pid file C:/xampp/1/apache/logs/httpd.pid overwritten -- Unclean shutdown of previous Apache run?
[Mon May 02 09:23:49.572312 2022] [ssl:warn] [pid 7928:tid 600] AH01909: www.example.com:443:0 server certificate does NOT include an ID which matches the server name
[Mon May 02 09:23:49.839478 2022] [mpm_winnt:notice] [pid 7928:tid 600] AH00455: Apache/2.4.52 (Win64) OpenSSL/1.1.1m PHP/8.1.2 configured -- resuming normal operations
[Mon May 02 09:23:49.839478 2022] [mpm_winnt:notice] [pid 7928:tid 600] AH00456: Apache Lounge VS16 Server built: Dec 17 2021 10:17:38
[Mon May 02 09:23:49.839478 2022] [core:notice] [pid 7928:tid 600] AH00094: Command line: 'c:\\xampp\\1\\apache\\bin\\httpd.exe -d C:/xampp/1/apache'
[Mon May 02 09:23:49.855869 2022] [mpm_winnt:notice] [pid 7928:tid 600] AH00418: Parent: Created child process 6108
[Mon May 02 09:23:50.092029 2022] [ssl:warn] [pid 6108:tid 624] AH01909: www.example.com:443:0 server certificate does NOT include an ID which matches the server name
[Mon May 02 09:23:50.118374 2022] [ssl:warn] [pid 6108:tid 624] AH01909: www.example.com:443:0 server certificate does NOT include an ID which matches the server name
[Mon May 02 09:23:50.156671 2022] [mpm_winnt:notice] [pid 6108:tid 624] AH00354: Child: Starting 150 worker threads.
[Mon May 09 09:40:14.661019 2022] [ssl:warn] [pid 13800:tid 584] AH01909: www.example.com:443:0 server certificate does NOT include an ID which matches the server name
[Mon May 09 09:40:14.697222 2022] [core:warn] [pid 13800:tid 584] AH00098: pid file C:/xampp/1/apache/logs/httpd.pid overwritten -- Unclean shutdown of previous Apache run?
[Mon May 09 09:40:14.697222 2022] [ssl:warn] [pid 13800:tid 584] AH01909: www.example.com:443:0 server certificate does NOT include an ID which matches the server name
[Mon May 09 09:40:14.950565 2022] [mpm_winnt:notice] [pid 13800:tid 584] AH00455: Apache/2.4.52 (Win64) OpenSSL/1.1.1m PHP/8.1.2 configured -- resuming normal operations
[Mon May 09 09:40:14.950565 2022] [mpm_winnt:notice] [pid 13800:tid 584] AH00456: Apache Lounge VS16 Server built: Dec 17 2021 10:17:38
[Mon May 09 09:40:14.950565 2022] [core:notice] [pid 13800:tid 584] AH00094: Command line: 'c:\\xampp\\1\\apache\\bin\\httpd.exe -d C:/xampp/1/apache'
[Mon May 09 09:40:14.950565 2022] [mpm_winnt:notice] [pid 13800:tid 584] AH00418: Parent: Created child process 8544
[Mon May 09 09:40:15.197613 2022] [ssl:warn] [pid 8544:tid 604] AH01909: www.example.com:443:0 server certificate does NOT include an ID which matches the server name
[Mon May 09 09:40:15.223890 2022] [ssl:warn] [pid 8544:tid 604] AH01909: www.example.com:443:0 server certificate does NOT include an ID which matches the server name
[Mon May 09 09:40:15.266718 2022] [mpm_winnt:notice] [pid 8544:tid 604] AH00354: Child: Starting 150 worker threads.
[Tue May 10 11:47:11.548576 2022] [ssl:warn] [pid 12136:tid 512] AH01909: www.example.com:443:0 server certificate does NOT include an ID which matches the server name
[Tue May 10 11:47:11.573005 2022] [core:warn] [pid 12136:tid 512] AH00098: pid file C:/xampp/1/apache/logs/httpd.pid overwritten -- Unclean shutdown of previous Apache run?
[Tue May 10 11:47:11.580649 2022] [ssl:warn] [pid 12136:tid 512] AH01909: www.example.com:443:0 server certificate does NOT include an ID which matches the server name
[Tue May 10 11:47:11.853882 2022] [mpm_winnt:notice] [pid 12136:tid 512] AH00455: Apache/2.4.52 (Win64) OpenSSL/1.1.1m PHP/8.1.2 configured -- resuming normal operations
[Tue May 10 11:47:11.853882 2022] [mpm_winnt:notice] [pid 12136:tid 512] AH00456: Apache Lounge VS16 Server built: Dec 17 2021 10:17:38
[Tue May 10 11:47:11.853882 2022] [core:notice] [pid 12136:tid 512] AH00094: Command line: 'c:\\xampp\\1\\apache\\bin\\httpd.exe -d C:/xampp/1/apache'
[Tue May 10 11:47:11.861886 2022] [mpm_winnt:notice] [pid 12136:tid 512] AH00418: Parent: Created child process 12732
[Tue May 10 11:47:12.147893 2022] [ssl:warn] [pid 12732:tid 608] AH01909: www.example.com:443:0 server certificate does NOT include an ID which matches the server name
[Tue May 10 11:47:12.192548 2022] [ssl:warn] [pid 12732:tid 608] AH01909: www.example.com:443:0 server certificate does NOT include an ID which matches the server name
[Tue May 10 11:47:12.236383 2022] [mpm_winnt:notice] [pid 12732:tid 608] AH00354: Child: Starting 150 worker threads.
[Wed Jul 06 10:23:33.256819 2022] [ssl:warn] [pid 13028:tid 572] AH01909: www.example.com:443:0 server certificate does NOT include an ID which matches the server name
[Wed Jul 06 10:23:33.314472 2022] [core:warn] [pid 13028:tid 572] AH00098: pid file C:/xampp/1/apache/logs/httpd.pid overwritten -- Unclean shutdown of previous Apache run?
[Wed Jul 06 10:23:33.317078 2022] [ssl:warn] [pid 13028:tid 572] AH01909: www.example.com:443:0 server certificate does NOT include an ID which matches the server name
[Wed Jul 06 10:23:33.682799 2022] [mpm_winnt:notice] [pid 13028:tid 572] AH00455: Apache/2.4.52 (Win64) OpenSSL/1.1.1m PHP/8.1.2 configured -- resuming normal operations
[Wed Jul 06 10:23:33.682799 2022] [mpm_winnt:notice] [pid 13028:tid 572] AH00456: Apache Lounge VS16 Server built: Dec 17 2021 10:17:38
[Wed Jul 06 10:23:33.682799 2022] [core:notice] [pid 13028:tid 572] AH00094: Command line: 'c:\\xampp\\1\\apache\\bin\\httpd.exe -d C:/xampp/1/apache'
[Wed Jul 06 10:23:33.690799 2022] [mpm_winnt:notice] [pid 13028:tid 572] AH00418: Parent: Created child process 14972
[Wed Jul 06 10:23:33.982900 2022] [ssl:warn] [pid 14972:tid 596] AH01909: www.example.com:443:0 server certificate does NOT include an ID which matches the server name
[Wed Jul 06 10:23:34.028928 2022] [ssl:warn] [pid 14972:tid 596] AH01909: www.example.com:443:0 server certificate does NOT include an ID which matches the server name
[Wed Jul 06 10:23:34.064064 2022] [mpm_winnt:notice] [pid 14972:tid 596] AH00354: Child: Starting 150 worker threads.
[Fri Jul 08 10:16:03.662312 2022] [ssl:warn] [pid 15240:tid 392] AH01909: www.example.com:443:0 server certificate does NOT include an ID which matches the server name
[Fri Jul 08 10:16:03.695088 2022] [core:warn] [pid 15240:tid 392] AH00098: pid file C:/xampp/1/apache/logs/httpd.pid overwritten -- Unclean shutdown of previous Apache run?
[Fri Jul 08 10:16:03.707207 2022] [ssl:warn] [pid 15240:tid 392] AH01909: www.example.com:443:0 server certificate does NOT include an ID which matches the server name
[Fri Jul 08 10:16:03.974750 2022] [mpm_winnt:notice] [pid 15240:tid 392] AH00455: Apache/2.4.52 (Win64) OpenSSL/1.1.1m PHP/8.1.2 configured -- resuming normal operations
[Fri Jul 08 10:16:03.974750 2022] [mpm_winnt:notice] [pid 15240:tid 392] AH00456: Apache Lounge VS16 Server built: Dec 17 2021 10:17:38
[Fri Jul 08 10:16:03.974750 2022] [core:notice] [pid 15240:tid 392] AH00094: Command line: 'c:\\xampp\\1\\apache\\bin\\httpd.exe -d C:/xampp/1/apache'
[Fri Jul 08 10:16:03.974750 2022] [mpm_winnt:notice] [pid 15240:tid 392] AH00418: Parent: Created child process 1484
[Fri Jul 08 10:16:04.440754 2022] [ssl:warn] [pid 1484:tid 584] AH01909: www.example.com:443:0 server certificate does NOT include an ID which matches the server name
[Fri Jul 08 10:16:04.488923 2022] [ssl:warn] [pid 1484:tid 584] AH01909: www.example.com:443:0 server certificate does NOT include an ID which matches the server name
[Fri Jul 08 10:16:04.517354 2022] [mpm_winnt:notice] [pid 1484:tid 584] AH00354: Child: Starting 150 worker threads.
[Wed Jul 27 10:19:02.623741 2022] [ssl:warn] [pid 8608:tid 584] AH01909: www.example.com:443:0 server certificate does NOT include an ID which matches the server name
[Wed Jul 27 10:19:02.663702 2022] [core:warn] [pid 8608:tid 584] AH00098: pid file C:/xampp/1/apache/logs/httpd.pid overwritten -- Unclean shutdown of previous Apache run?
[Wed Jul 27 10:19:02.669686 2022] [ssl:warn] [pid 8608:tid 584] AH01909: www.example.com:443:0 server certificate does NOT include an ID which matches the server name
[Wed Jul 27 10:19:02.967498 2022] [mpm_winnt:notice] [pid 8608:tid 584] AH00455: Apache/2.4.52 (Win64) OpenSSL/1.1.1m PHP/8.1.2 configured -- resuming normal operations
[Wed Jul 27 10:19:02.967498 2022] [mpm_winnt:notice] [pid 8608:tid 584] AH00456: Apache Lounge VS16 Server built: Dec 17 2021 10:17:38
[Wed Jul 27 10:19:02.967498 2022] [core:notice] [pid 8608:tid 584] AH00094: Command line: 'c:\\xampp\\1\\apache\\bin\\httpd.exe -d C:/xampp/1/apache'
[Wed Jul 27 10:19:02.967498 2022] [mpm_winnt:notice] [pid 8608:tid 584] AH00418: Parent: Created child process 5268
[Wed Jul 27 10:19:03.355861 2022] [ssl:warn] [pid 5268:tid 600] AH01909: www.example.com:443:0 server certificate does NOT include an ID which matches the server name
[Wed Jul 27 10:19:03.395961 2022] [ssl:warn] [pid 5268:tid 600] AH01909: www.example.com:443:0 server certificate does NOT include an ID which matches the server name
[Wed Jul 27 10:19:03.440057 2022] [mpm_winnt:notice] [pid 5268:tid 600] AH00354: Child: Starting 150 worker threads.
[Wed Aug 03 10:19:51.905004 2022] [ssl:warn] [pid 468:tid 560] AH01909: www.example.com:443:0 server certificate does NOT include an ID which matches the server name
[Wed Aug 03 10:19:51.939575 2022] [core:warn] [pid 468:tid 560] AH00098: pid file C:/xampp/1/apache/logs/httpd.pid overwritten -- Unclean shutdown of previous Apache run?
[Wed Aug 03 10:19:51.948707 2022] [ssl:warn] [pid 468:tid 560] AH01909: www.example.com:443:0 server certificate does NOT include an ID which matches the server name
[Wed Aug 03 10:19:52.221148 2022] [mpm_winnt:notice] [pid 468:tid 560] AH00455: Apache/2.4.52 (Win64) OpenSSL/1.1.1m PHP/8.1.2 configured -- resuming normal operations
[Wed Aug 03 10:19:52.221148 2022] [mpm_winnt:notice] [pid 468:tid 560] AH00456: Apache Lounge VS16 Server built: Dec 17 2021 10:17:38
[Wed Aug 03 10:19:52.221148 2022] [core:notice] [pid 468:tid 560] AH00094: Command line: 'c:\\xampp\\1\\apache\\bin\\httpd.exe -d C:/xampp/1/apache'
[Wed Aug 03 10:19:52.228371 2022] [mpm_winnt:notice] [pid 468:tid 560] AH00418: Parent: Created child process 15004
[Wed Aug 03 10:19:52.605093 2022] [ssl:warn] [pid 15004:tid 616] AH01909: www.example.com:443:0 server certificate does NOT include an ID which matches the server name
[Wed Aug 03 10:19:52.641439 2022] [ssl:warn] [pid 15004:tid 616] AH01909: www.example.com:443:0 server certificate does NOT include an ID which matches the server name
[Wed Aug 03 10:19:52.689012 2022] [mpm_winnt:notice] [pid 15004:tid 616] AH00354: Child: Starting 150 worker threads.
[Fri Aug 05 12:00:20.805417 2022] [ssl:warn] [pid 2260:tid 372] AH01909: www.example.com:443:0 server certificate does NOT include an ID which matches the server name
[Fri Aug 05 12:00:20.848703 2022] [core:warn] [pid 2260:tid 372] AH00098: pid file C:/xampp/1/apache/logs/httpd.pid overwritten -- Unclean shutdown of previous Apache run?
[Fri Aug 05 12:00:20.848703 2022] [ssl:warn] [pid 2260:tid 372] AH01909: www.example.com:443:0 server certificate does NOT include an ID which matches the server name
[Fri Aug 05 12:00:21.172999 2022] [mpm_winnt:notice] [pid 2260:tid 372] AH00455: Apache/2.4.52 (Win64) OpenSSL/1.1.1m PHP/8.1.2 configured -- resuming normal operations
[Fri Aug 05 12:00:21.172999 2022] [mpm_winnt:notice] [pid 2260:tid 372] AH00456: Apache Lounge VS16 Server built: Dec 17 2021 10:17:38
[Fri Aug 05 12:00:21.172999 2022] [core:notice] [pid 2260:tid 372] AH00094: Command line: 'c:\\xampp\\1\\apache\\bin\\httpd.exe -d C:/xampp/1/apache'
[Fri Aug 05 12:00:21.172999 2022] [mpm_winnt:notice] [pid 2260:tid 372] AH00418: Parent: Created child process 1696
[Fri Aug 05 12:00:21.448086 2022] [ssl:warn] [pid 1696:tid 612] AH01909: www.example.com:443:0 server certificate does NOT include an ID which matches the server name
[Fri Aug 05 12:00:21.486700 2022] [ssl:warn] [pid 1696:tid 612] AH01909: www.example.com:443:0 server certificate does NOT include an ID which matches the server name
[Fri Aug 05 12:00:21.537517 2022] [mpm_winnt:notice] [pid 1696:tid 612] AH00354: Child: Starting 150 worker threads.
[Sun Aug 07 19:38:36.400923 2022] [ssl:warn] [pid 11640:tid 620] AH01909: www.example.com:443:0 server certificate does NOT include an ID which matches the server name
[Sun Aug 07 19:38:36.432168 2022] [core:warn] [pid 11640:tid 620] AH00098: pid file C:/xampp/1/apache/logs/httpd.pid overwritten -- Unclean shutdown of previous Apache run?
[Sun Aug 07 19:38:36.432168 2022] [ssl:warn] [pid 11640:tid 620] AH01909: www.example.com:443:0 server certificate does NOT include an ID which matches the server name
[Sun Aug 07 19:38:36.651001 2022] [mpm_winnt:notice] [pid 11640:tid 620] AH00455: Apache/2.4.52 (Win64) OpenSSL/1.1.1m PHP/8.1.2 configured -- resuming normal operations
[Sun Aug 07 19:38:36.651001 2022] [mpm_winnt:notice] [pid 11640:tid 620] AH00456: Apache Lounge VS16 Server built: Dec 17 2021 10:17:38
[Sun Aug 07 19:38:36.651001 2022] [core:notice] [pid 11640:tid 620] AH00094: Command line: 'c:\\xampp\\1\\apache\\bin\\httpd.exe -d C:/xampp/1/apache'
[Sun Aug 07 19:38:36.651001 2022] [mpm_winnt:notice] [pid 11640:tid 620] AH00418: Parent: Created child process 14868
[Sun Aug 07 19:38:36.903098 2022] [ssl:warn] [pid 14868:tid 596] AH01909: www.example.com:443:0 server certificate does NOT include an ID which matches the server name
[Sun Aug 07 19:38:36.934343 2022] [ssl:warn] [pid 14868:tid 596] AH01909: www.example.com:443:0 server certificate does NOT include an ID which matches the server name
[Sun Aug 07 19:38:36.954674 2022] [mpm_winnt:notice] [pid 14868:tid 596] AH00354: Child: Starting 150 worker threads.
[Wed Aug 10 10:18:18.305131 2022] [ssl:warn] [pid 7844:tid 592] AH01909: www.example.com:443:0 server certificate does NOT include an ID which matches the server name
[Wed Aug 10 10:18:18.339608 2022] [core:warn] [pid 7844:tid 592] AH00098: pid file C:/xampp/1/apache/logs/httpd.pid overwritten -- Unclean shutdown of previous Apache run?
[Wed Aug 10 10:18:18.345007 2022] [ssl:warn] [pid 7844:tid 592] AH01909: www.example.com:443:0 server certificate does NOT include an ID which matches the server name
[Wed Aug 10 10:18:18.632923 2022] [mpm_winnt:notice] [pid 7844:tid 592] AH00455: Apache/2.4.52 (Win64) OpenSSL/1.1.1m PHP/8.1.2 configured -- resuming normal operations
[Wed Aug 10 10:18:18.632923 2022] [mpm_winnt:notice] [pid 7844:tid 592] AH00456: Apache Lounge VS16 Server built: Dec 17 2021 10:17:38
[Wed Aug 10 10:18:18.632923 2022] [core:notice] [pid 7844:tid 592] AH00094: Command line: 'c:\\xampp\\1\\apache\\bin\\httpd.exe -d C:/xampp/1/apache'
[Wed Aug 10 10:18:18.638670 2022] [mpm_winnt:notice] [pid 7844:tid 592] AH00418: Parent: Created child process 9400
[Wed Aug 10 10:18:18.833588 2022] [ssl:warn] [pid 9400:tid 620] AH01909: www.example.com:443:0 server certificate does NOT include an ID which matches the server name
[Wed Aug 10 10:18:18.862186 2022] [ssl:warn] [pid 9400:tid 620] AH01909: www.example.com:443:0 server certificate does NOT include an ID which matches the server name
[Wed Aug 10 10:18:18.891629 2022] [mpm_winnt:notice] [pid 9400:tid 620] AH00354: Child: Starting 150 worker threads.
[Wed Aug 17 10:18:46.005700 2022] [ssl:warn] [pid 13164:tid 168] AH01909: www.example.com:443:0 server certificate does NOT include an ID which matches the server name
[Wed Aug 17 10:18:46.043416 2022] [core:warn] [pid 13164:tid 168] AH00098: pid file C:/xampp/1/apache/logs/httpd.pid overwritten -- Unclean shutdown of previous Apache run?
[Wed Aug 17 10:18:46.053422 2022] [ssl:warn] [pid 13164:tid 168] AH01909: www.example.com:443:0 server certificate does NOT include an ID which matches the server name
[Wed Aug 17 10:18:46.333190 2022] [mpm_winnt:notice] [pid 13164:tid 168] AH00455: Apache/2.4.52 (Win64) OpenSSL/1.1.1m PHP/8.1.2 configured -- resuming normal operations
[Wed Aug 17 10:18:46.333190 2022] [mpm_winnt:notice] [pid 13164:tid 168] AH00456: Apache Lounge VS16 Server built: Dec 17 2021 10:17:38
[Wed Aug 17 10:18:46.333190 2022] [core:notice] [pid 13164:tid 168] AH00094: Command line: 'c:\\xampp\\1\\apache\\bin\\httpd.exe -d C:/xampp/1/apache'
[Wed Aug 17 10:18:46.347164 2022] [mpm_winnt:notice] [pid 13164:tid 168] AH00418: Parent: Created child process 652
[Wed Aug 17 10:18:46.587313 2022] [ssl:warn] [pid 652:tid 596] AH01909: www.example.com:443:0 server certificate does NOT include an ID which matches the server name
[Wed Aug 17 10:18:46.620459 2022] [ssl:warn] [pid 652:tid 596] AH01909: www.example.com:443:0 server certificate does NOT include an ID which matches the server name
[Wed Aug 17 10:18:46.676143 2022] [mpm_winnt:notice] [pid 652:tid 596] AH00354: Child: Starting 150 worker threads.
[Wed Aug 17 11:21:59.533009 2022] [ssl:warn] [pid 3904:tid 376] AH01909: www.example.com:443:0 server certificate does NOT include an ID which matches the server name
[Wed Aug 17 11:21:59.570353 2022] [core:warn] [pid 3904:tid 376] AH00098: pid file C:/xampp/1/apache/logs/httpd.pid overwritten -- Unclean shutdown of previous Apache run?
[Wed Aug 17 11:21:59.577451 2022] [ssl:warn] [pid 3904:tid 376] AH01909: www.example.com:443:0 server certificate does NOT include an ID which matches the server name
[Wed Aug 17 11:21:59.869208 2022] [mpm_winnt:notice] [pid 3904:tid 376] AH00455: Apache/2.4.52 (Win64) OpenSSL/1.1.1m PHP/8.1.2 configured -- resuming normal operations
[Wed Aug 17 11:21:59.869208 2022] [mpm_winnt:notice] [pid 3904:tid 376] AH00456: Apache Lounge VS16 Server built: Dec 17 2021 10:17:38
[Wed Aug 17 11:21:59.869208 2022] [core:notice] [pid 3904:tid 376] AH00094: Command line: 'c:\\xampp\\1\\apache\\bin\\httpd.exe -d C:/xampp/1/apache'
[Wed Aug 17 11:21:59.869208 2022] [mpm_winnt:notice] [pid 3904:tid 376] AH00418: Parent: Created child process 11148
[Wed Aug 17 11:22:00.139678 2022] [ssl:warn] [pid 11148:tid 600] AH01909: www.example.com:443:0 server certificate does NOT include an ID which matches the server name
[Wed Aug 17 11:22:00.171675 2022] [ssl:warn] [pid 11148:tid 600] AH01909: www.example.com:443:0 server certificate does NOT include an ID which matches the server name
[Wed Aug 17 11:22:00.197798 2022] [mpm_winnt:notice] [pid 11148:tid 600] AH00354: Child: Starting 150 worker threads.
[Wed Aug 24 10:17:02.805556 2022] [ssl:warn] [pid 10084:tid 644] AH01909: www.example.com:443:0 server certificate does NOT include an ID which matches the server name
[Wed Aug 24 10:17:02.849739 2022] [core:warn] [pid 10084:tid 644] AH00098: pid file C:/xampp/1/apache/logs/httpd.pid overwritten -- Unclean shutdown of previous Apache run?
[Wed Aug 24 10:17:02.849739 2022] [ssl:warn] [pid 10084:tid 644] AH01909: www.example.com:443:0 server certificate does NOT include an ID which matches the server name
[Wed Aug 24 10:17:03.152133 2022] [mpm_winnt:notice] [pid 10084:tid 644] AH00455: Apache/2.4.52 (Win64) OpenSSL/1.1.1m PHP/8.1.2 configured -- resuming normal operations
[Wed Aug 24 10:17:03.152133 2022] [mpm_winnt:notice] [pid 10084:tid 644] AH00456: Apache Lounge VS16 Server built: Dec 17 2021 10:17:38
[Wed Aug 24 10:17:03.152133 2022] [core:notice] [pid 10084:tid 644] AH00094: Command line: 'c:\\xampp\\1\\apache\\bin\\httpd.exe -d C:/xampp/1/apache'
[Wed Aug 24 10:17:03.171026 2022] [mpm_winnt:notice] [pid 10084:tid 644] AH00418: Parent: Created child process 14004
[Wed Aug 24 10:17:03.531003 2022] [ssl:warn] [pid 14004:tid 600] AH01909: www.example.com:443:0 server certificate does NOT include an ID which matches the server name
[Wed Aug 24 10:17:03.578290 2022] [ssl:warn] [pid 14004:tid 600] AH01909: www.example.com:443:0 server certificate does NOT include an ID which matches the server name
[Wed Aug 24 10:17:03.616750 2022] [mpm_winnt:notice] [pid 14004:tid 600] AH00354: Child: Starting 150 worker threads.
[Wed Aug 31 10:11:21.339947 2022] [ssl:warn] [pid 2396:tid 596] AH01909: www.example.com:443:0 server certificate does NOT include an ID which matches the server name
[Wed Aug 31 10:11:21.374078 2022] [core:warn] [pid 2396:tid 596] AH00098: pid file C:/xampp/1/apache/logs/httpd.pid overwritten -- Unclean shutdown of previous Apache run?
[Wed Aug 31 10:11:21.374078 2022] [ssl:warn] [pid 2396:tid 596] AH01909: www.example.com:443:0 server certificate does NOT include an ID which matches the server name
[Wed Aug 31 10:11:21.651129 2022] [mpm_winnt:notice] [pid 2396:tid 596] AH00455: Apache/2.4.52 (Win64) OpenSSL/1.1.1m PHP/8.1.2 configured -- resuming normal operations
[Wed Aug 31 10:11:21.651129 2022] [mpm_winnt:notice] [pid 2396:tid 596] AH00456: Apache Lounge VS16 Server built: Dec 17 2021 10:17:38
[Wed Aug 31 10:11:21.651129 2022] [core:notice] [pid 2396:tid 596] AH00094: Command line: 'c:\\xampp\\1\\apache\\bin\\httpd.exe -d C:/xampp/1/apache'
[Wed Aug 31 10:11:21.668284 2022] [mpm_winnt:notice] [pid 2396:tid 596] AH00418: Parent: Created child process 14872
[Wed Aug 31 10:11:21.957140 2022] [ssl:warn] [pid 14872:tid 636] AH01909: www.example.com:443:0 server certificate does NOT include an ID which matches the server name
[Wed Aug 31 10:11:22.018142 2022] [ssl:warn] [pid 14872:tid 636] AH01909: www.example.com:443:0 server certificate does NOT include an ID which matches the server name
[Wed Aug 31 10:11:22.073932 2022] [mpm_winnt:notice] [pid 14872:tid 636] AH00354: Child: Starting 150 worker threads.
[Wed Sep 07 10:21:14.396217 2022] [ssl:warn] [pid 15268:tid 432] AH01909: www.example.com:443:0 server certificate does NOT include an ID which matches the server name
[Wed Sep 07 10:21:14.430874 2022] [core:warn] [pid 15268:tid 432] AH00098: pid file C:/xampp/1/apache/logs/httpd.pid overwritten -- Unclean shutdown of previous Apache run?
[Wed Sep 07 10:21:14.439524 2022] [ssl:warn] [pid 15268:tid 432] AH01909: www.example.com:443:0 server certificate does NOT include an ID which matches the server name
[Wed Sep 07 10:21:14.817424 2022] [mpm_winnt:notice] [pid 15268:tid 432] AH00455: Apache/2.4.52 (Win64) OpenSSL/1.1.1m PHP/8.1.2 configured -- resuming normal operations
[Wed Sep 07 10:21:14.817424 2022] [mpm_winnt:notice] [pid 15268:tid 432] AH00456: Apache Lounge VS16 Server built: Dec 17 2021 10:17:38
[Wed Sep 07 10:21:14.817424 2022] [core:notice] [pid 15268:tid 432] AH00094: Command line: 'c:\\xampp\\1\\apache\\bin\\httpd.exe -d C:/xampp/1/apache'
[Wed Sep 07 10:21:14.830576 2022] [mpm_winnt:notice] [pid 15268:tid 432] AH00418: Parent: Created child process 2392
[Wed Sep 07 10:21:15.223242 2022] [ssl:warn] [pid 2392:tid 608] AH01909: www.example.com:443:0 server certificate does NOT include an ID which matches the server name
[Wed Sep 07 10:21:15.262348 2022] [ssl:warn] [pid 2392:tid 608] AH01909: www.example.com:443:0 server certificate does NOT include an ID which matches the server name
[Wed Sep 07 10:21:15.303521 2022] [mpm_winnt:notice] [pid 2392:tid 608] AH00354: Child: Starting 150 worker threads.
[Wed Sep 07 10:57:40.761708 2022] [ssl:warn] [pid 6048:tid 608] AH01909: www.example.com:443:0 server certificate does NOT include an ID which matches the server name
[Wed Sep 07 10:57:40.808579 2022] [core:warn] [pid 6048:tid 608] AH00098: pid file C:/xampp/1/apache/logs/httpd.pid overwritten -- Unclean shutdown of previous Apache run?
[Wed Sep 07 10:57:40.808579 2022] [ssl:warn] [pid 6048:tid 608] AH01909: www.example.com:443:0 server certificate does NOT include an ID which matches the server name
[Wed Sep 07 10:57:41.043002 2022] [mpm_winnt:notice] [pid 6048:tid 608] AH00455: Apache/2.4.52 (Win64) OpenSSL/1.1.1m PHP/8.1.2 configured -- resuming normal operations
[Wed Sep 07 10:57:41.043002 2022] [mpm_winnt:notice] [pid 6048:tid 608] AH00456: Apache Lounge VS16 Server built: Dec 17 2021 10:17:38
[Wed Sep 07 10:57:41.043002 2022] [core:notice] [pid 6048:tid 608] AH00094: Command line: 'c:\\xampp\\1\\apache\\bin\\httpd.exe -d C:/xampp/1/apache'
[Wed Sep 07 10:57:41.043002 2022] [mpm_winnt:notice] [pid 6048:tid 608] AH00418: Parent: Created child process 12168
[Wed Sep 07 10:57:41.262874 2022] [ssl:warn] [pid 12168:tid 584] AH01909: www.example.com:443:0 server certificate does NOT include an ID which matches the server name
[Wed Sep 07 10:57:41.294130 2022] [ssl:warn] [pid 12168:tid 584] AH01909: www.example.com:443:0 server certificate does NOT include an ID which matches the server name
[Wed Sep 07 10:57:41.325373 2022] [mpm_winnt:notice] [pid 12168:tid 584] AH00354: Child: Starting 150 worker threads.
[Wed Sep 07 11:10:02.278591 2022] [ssl:warn] [pid 3564:tid 452] AH01909: www.example.com:443:0 server certificate does NOT include an ID which matches the server name
[Wed Sep 07 11:10:02.309810 2022] [core:warn] [pid 3564:tid 452] AH00098: pid file C:/xampp/1/apache/logs/httpd.pid overwritten -- Unclean shutdown of previous Apache run?
[Wed Sep 07 11:10:02.309810 2022] [ssl:warn] [pid 3564:tid 452] AH01909: www.example.com:443:0 server certificate does NOT include an ID which matches the server name
[Wed Sep 07 11:10:02.591110 2022] [mpm_winnt:notice] [pid 3564:tid 452] AH00455: Apache/2.4.52 (Win64) OpenSSL/1.1.1m PHP/8.1.2 configured -- resuming normal operations
[Wed Sep 07 11:10:02.591110 2022] [mpm_winnt:notice] [pid 3564:tid 452] AH00456: Apache Lounge VS16 Server built: Dec 17 2021 10:17:38
[Wed Sep 07 11:10:02.591110 2022] [core:notice] [pid 3564:tid 452] AH00094: Command line: 'c:\\xampp\\1\\apache\\bin\\httpd.exe -d C:/xampp/1/apache'
[Wed Sep 07 11:10:02.591110 2022] [mpm_winnt:notice] [pid 3564:tid 452] AH00418: Parent: Created child process 5400
[Wed Sep 07 11:10:02.794134 2022] [ssl:warn] [pid 5400:tid 596] AH01909: www.example.com:443:0 server certificate does NOT include an ID which matches the server name
[Wed Sep 07 11:10:02.841006 2022] [ssl:warn] [pid 5400:tid 596] AH01909: www.example.com:443:0 server certificate does NOT include an ID which matches the server name
[Wed Sep 07 11:10:02.872323 2022] [mpm_winnt:notice] [pid 5400:tid 596] AH00354: Child: Starting 150 worker threads.
[Wed Sep 07 11:18:56.917923 2022] [php:warn] [pid 5400:tid 1916] [client 192.168.100.150:50470] PHP Warning:  Undefined array key "HTTP_HOST" in C:\\xampp\\1\\htdocs\\index.php on line 7
[Tue Sep 20 17:49:16.063343 2022] [ssl:warn] [pid 12908:tid 580] AH01909: www.example.com:443:0 server certificate does NOT include an ID which matches the server name
[Tue Sep 20 17:49:16.109768 2022] [core:warn] [pid 12908:tid 580] AH00098: pid file C:/xampp/1/apache/logs/httpd.pid overwritten -- Unclean shutdown of previous Apache run?
[Tue Sep 20 17:49:16.123388 2022] [ssl:warn] [pid 12908:tid 580] AH01909: www.example.com:443:0 server certificate does NOT include an ID which matches the server name
[Tue Sep 20 17:49:16.479264 2022] [mpm_winnt:notice] [pid 12908:tid 580] AH00455: Apache/2.4.52 (Win64) OpenSSL/1.1.1m PHP/8.1.2 configured -- resuming normal operations
[Tue Sep 20 17:49:16.479264 2022] [mpm_winnt:notice] [pid 12908:tid 580] AH00456: Apache Lounge VS16 Server built: Dec 17 2021 10:17:38
[Tue Sep 20 17:49:16.479264 2022] [core:notice] [pid 12908:tid 580] AH00094: Command line: 'c:\\xampp\\1\\apache\\bin\\httpd.exe -d C:/xampp/1/apache'
[Tue Sep 20 17:49:16.485551 2022] [mpm_winnt:notice] [pid 12908:tid 580] AH00418: Parent: Created child process 7144
[Tue Sep 20 17:49:16.814768 2022] [ssl:warn] [pid 7144:tid 584] AH01909: www.example.com:443:0 server certificate does NOT include an ID which matches the server name
[Tue Sep 20 17:49:16.861393 2022] [ssl:warn] [pid 7144:tid 584] AH01909: www.example.com:443:0 server certificate does NOT include an ID which matches the server name
[Tue Sep 20 17:49:16.923569 2022] [mpm_winnt:notice] [pid 7144:tid 584] AH00354: Child: Starting 150 worker threads.
[Wed Sep 21 17:39:43.121311 2022] [ssl:warn] [pid 6656:tid 684] AH01909: www.example.com:443:0 server certificate does NOT include an ID which matches the server name
[Wed Sep 21 17:39:43.152557 2022] [core:warn] [pid 6656:tid 684] AH00098: pid file C:/xampp/1/apache/logs/httpd.pid overwritten -- Unclean shutdown of previous Apache run?
[Wed Sep 21 17:39:43.152557 2022] [ssl:warn] [pid 6656:tid 684] AH01909: www.example.com:443:0 server certificate does NOT include an ID which matches the server name
[Wed Sep 21 17:39:43.418155 2022] [mpm_winnt:notice] [pid 6656:tid 684] AH00455: Apache/2.4.52 (Win64) OpenSSL/1.1.1m PHP/8.1.2 configured -- resuming normal operations
[Wed Sep 21 17:39:43.418155 2022] [mpm_winnt:notice] [pid 6656:tid 684] AH00456: Apache Lounge VS16 Server built: Dec 17 2021 10:17:38
[Wed Sep 21 17:39:43.418155 2022] [core:notice] [pid 6656:tid 684] AH00094: Command line: 'c:\\xampp\\1\\apache\\bin\\httpd.exe -d C:/xampp/1/apache'
[Wed Sep 21 17:39:43.433777 2022] [mpm_winnt:notice] [pid 6656:tid 684] AH00418: Parent: Created child process 14716
[Wed Sep 21 17:39:43.761867 2022] [ssl:warn] [pid 14716:tid 612] AH01909: www.example.com:443:0 server certificate does NOT include an ID which matches the server name
[Wed Sep 21 17:39:43.808802 2022] [ssl:warn] [pid 14716:tid 612] AH01909: www.example.com:443:0 server certificate does NOT include an ID which matches the server name
[Wed Sep 21 17:39:43.839984 2022] [mpm_winnt:notice] [pid 14716:tid 612] AH00354: Child: Starting 150 worker threads.
